INFO - 2024-09-30 00:45:06 --> Session: Class initialized using 'CodeIgniter\Session\Handlers\FileHandler' driver.
DEBUG - 2024-09-30 00:45:06 --> User Data: Array
(
    [0] => stdClass Object
        (
            [UserID] => 40
            [Username] => ADMIN
            [Password] => $2y$10$jVfIcD3jEZkfXzVbtjGuX.HbA1rH4pm2DYZRn/D.GRPPrG0AxN1D6
            [Status] => 1
            [Created_at] => 2024-08-04 16:45:51
            [Updated_at] => 2024-09-14 19:04:25
            [Deleted_at] => 
        )

    [1] => stdClass Object
        (
            [UserID] => 47
            [Username] => john132a
            [Password] => LhJ67RmKqxxHPJjMcwtk9VJyRGhtNFhhZ1FYbEViK2pRV0M5SVE9PQ==
            [Status] => 1
            [Created_at] => 2024-08-05 08:42:34
            [Updated_at] => 2024-09-10 11:47:04
            [Deleted_at] => 
        )

    [2] => stdClass Object
        (
            [UserID] => 48
            [Username] => KLOG1
            [Password] => $2y$10$YQU7YplkMRZByzMk/.ujA.93/rqWAtAQZSZ9b2/inTWcQ2HWv4Nt6
            [Status] => 1
            [Created_at] => 2024-08-19 04:56:12
            [Updated_at] => 2024-09-14 19:04:33
            [Deleted_at] => 
        )

    [3] => stdClass Object
        (
            [UserID] => 49
            [Username] => ss
            [Password] => $2y$10$//waeizylBeB1l9cTBViOul1/jztUWFisS4YbveiYiIOjjPv/F/aO
            [Status] => 1
            [Created_at] => 2024-09-04 18:23:59
            [Updated_at] => 2024-09-10 11:47:02
            [Deleted_at] => 
        )

    [4] => stdClass Object
        (
            [UserID] => 51
            [Username] => wed
            [Password] => $2y$10$wzJNtuJOHZnR6Ec8Ryr1ou8Sc5TgMWl8LegGPpt23HIQHrPqR334i
            [Status] => 1
            [Created_at] => 2024-09-07 12:05:11
            [Updated_at] => 2024-09-10 11:47:15
            [Deleted_at] => 
        )

    [5] => stdClass Object
        (
            [UserID] => 52
            [Username] => asdsd
            [Password] => $2y$10$Li.flGIGJlqgMzWO/V1BO.isoTjILjCLv3Niz5eSIL6xhh9orJx5q
            [Status] => 1
            [Created_at] => 2024-09-07 14:11:28
            [Updated_at] => 2024-09-10 11:46:56
            [Deleted_at] => 
        )

)

INFO - 2024-09-30 00:45:09 --> Session: Class initialized using 'CodeIgniter\Session\Handlers\FileHandler' driver.
DEBUG - 2024-09-30 00:45:09 --> User Data: Array
(
    [0] => stdClass Object
        (
            [UserID] => 40
            [Username] => ADMIN
            [Password] => $2y$10$jVfIcD3jEZkfXzVbtjGuX.HbA1rH4pm2DYZRn/D.GRPPrG0AxN1D6
            [Status] => 1
            [Created_at] => 2024-08-04 16:45:51
            [Updated_at] => 2024-09-14 19:04:25
            [Deleted_at] => 
        )

    [1] => stdClass Object
        (
            [UserID] => 47
            [Username] => john132a
            [Password] => LhJ67RmKqxxHPJjMcwtk9VJyRGhtNFhhZ1FYbEViK2pRV0M5SVE9PQ==
            [Status] => 1
            [Created_at] => 2024-08-05 08:42:34
            [Updated_at] => 2024-09-10 11:47:04
            [Deleted_at] => 
        )

    [2] => stdClass Object
        (
            [UserID] => 48
            [Username] => KLOG1
            [Password] => $2y$10$YQU7YplkMRZByzMk/.ujA.93/rqWAtAQZSZ9b2/inTWcQ2HWv4Nt6
            [Status] => 1
            [Created_at] => 2024-08-19 04:56:12
            [Updated_at] => 2024-09-14 19:04:33
            [Deleted_at] => 
        )

    [3] => stdClass Object
        (
            [UserID] => 49
            [Username] => ss
            [Password] => $2y$10$//waeizylBeB1l9cTBViOul1/jztUWFisS4YbveiYiIOjjPv/F/aO
            [Status] => 1
            [Created_at] => 2024-09-04 18:23:59
            [Updated_at] => 2024-09-10 11:47:02
            [Deleted_at] => 
        )

    [4] => stdClass Object
        (
            [UserID] => 51
            [Username] => wed
            [Password] => $2y$10$wzJNtuJOHZnR6Ec8Ryr1ou8Sc5TgMWl8LegGPpt23HIQHrPqR334i
            [Status] => 1
            [Created_at] => 2024-09-07 12:05:11
            [Updated_at] => 2024-09-10 11:47:15
            [Deleted_at] => 
        )

    [5] => stdClass Object
        (
            [UserID] => 52
            [Username] => asdsd
            [Password] => $2y$10$Li.flGIGJlqgMzWO/V1BO.isoTjILjCLv3Niz5eSIL6xhh9orJx5q
            [Status] => 1
            [Created_at] => 2024-09-07 14:11:28
            [Updated_at] => 2024-09-10 11:46:56
            [Deleted_at] => 
        )

)

INFO - 2024-09-30 00:45:10 --> Session: Class initialized using 'CodeIgniter\Session\Handlers\FileHandler' driver.
DEBUG - 2024-09-30 00:45:11 --> User Data: Array
(
    [0] => stdClass Object
        (
            [UserID] => 40
            [Username] => ADMIN
            [Password] => $2y$10$jVfIcD3jEZkfXzVbtjGuX.HbA1rH4pm2DYZRn/D.GRPPrG0AxN1D6
            [Status] => 1
            [Created_at] => 2024-08-04 16:45:51
            [Updated_at] => 2024-09-14 19:04:25
            [Deleted_at] => 
        )

    [1] => stdClass Object
        (
            [UserID] => 47
            [Username] => john132a
            [Password] => LhJ67RmKqxxHPJjMcwtk9VJyRGhtNFhhZ1FYbEViK2pRV0M5SVE9PQ==
            [Status] => 1
            [Created_at] => 2024-08-05 08:42:34
            [Updated_at] => 2024-09-10 11:47:04
            [Deleted_at] => 
        )

    [2] => stdClass Object
        (
            [UserID] => 48
            [Username] => KLOG1
            [Password] => $2y$10$YQU7YplkMRZByzMk/.ujA.93/rqWAtAQZSZ9b2/inTWcQ2HWv4Nt6
            [Status] => 1
            [Created_at] => 2024-08-19 04:56:12
            [Updated_at] => 2024-09-14 19:04:33
            [Deleted_at] => 
        )

    [3] => stdClass Object
        (
            [UserID] => 49
            [Username] => ss
            [Password] => $2y$10$//waeizylBeB1l9cTBViOul1/jztUWFisS4YbveiYiIOjjPv/F/aO
            [Status] => 1
            [Created_at] => 2024-09-04 18:23:59
            [Updated_at] => 2024-09-10 11:47:02
            [Deleted_at] => 
        )

    [4] => stdClass Object
        (
            [UserID] => 51
            [Username] => wed
            [Password] => $2y$10$wzJNtuJOHZnR6Ec8Ryr1ou8Sc5TgMWl8LegGPpt23HIQHrPqR334i
            [Status] => 1
            [Created_at] => 2024-09-07 12:05:11
            [Updated_at] => 2024-09-10 11:47:15
            [Deleted_at] => 
        )

    [5] => stdClass Object
        (
            [UserID] => 52
            [Username] => asdsd
            [Password] => $2y$10$Li.flGIGJlqgMzWO/V1BO.isoTjILjCLv3Niz5eSIL6xhh9orJx5q
            [Status] => 1
            [Created_at] => 2024-09-07 14:11:28
            [Updated_at] => 2024-09-10 11:46:56
            [Deleted_at] => 
        )

)

INFO - 2024-09-30 00:45:12 --> Session: Class initialized using 'CodeIgniter\Session\Handlers\FileHandler' driver.
DEBUG - 2024-09-30 00:45:12 --> User Data: Array
(
    [0] => stdClass Object
        (
            [UserID] => 40
            [Username] => ADMIN
            [Password] => $2y$10$jVfIcD3jEZkfXzVbtjGuX.HbA1rH4pm2DYZRn/D.GRPPrG0AxN1D6
            [Status] => 1
            [Created_at] => 2024-08-04 16:45:51
            [Updated_at] => 2024-09-14 19:04:25
            [Deleted_at] => 
        )

    [1] => stdClass Object
        (
            [UserID] => 47
            [Username] => john132a
            [Password] => LhJ67RmKqxxHPJjMcwtk9VJyRGhtNFhhZ1FYbEViK2pRV0M5SVE9PQ==
            [Status] => 1
            [Created_at] => 2024-08-05 08:42:34
            [Updated_at] => 2024-09-10 11:47:04
            [Deleted_at] => 
        )

    [2] => stdClass Object
        (
            [UserID] => 48
            [Username] => KLOG1
            [Password] => $2y$10$YQU7YplkMRZByzMk/.ujA.93/rqWAtAQZSZ9b2/inTWcQ2HWv4Nt6
            [Status] => 1
            [Created_at] => 2024-08-19 04:56:12
            [Updated_at] => 2024-09-14 19:04:33
            [Deleted_at] => 
        )

    [3] => stdClass Object
        (
            [UserID] => 49
            [Username] => ss
            [Password] => $2y$10$//waeizylBeB1l9cTBViOul1/jztUWFisS4YbveiYiIOjjPv/F/aO
            [Status] => 1
            [Created_at] => 2024-09-04 18:23:59
            [Updated_at] => 2024-09-10 11:47:02
            [Deleted_at] => 
        )

    [4] => stdClass Object
        (
            [UserID] => 51
            [Username] => wed
            [Password] => $2y$10$wzJNtuJOHZnR6Ec8Ryr1ou8Sc5TgMWl8LegGPpt23HIQHrPqR334i
            [Status] => 1
            [Created_at] => 2024-09-07 12:05:11
            [Updated_at] => 2024-09-10 11:47:15
            [Deleted_at] => 
        )

    [5] => stdClass Object
        (
            [UserID] => 52
            [Username] => asdsd
            [Password] => $2y$10$Li.flGIGJlqgMzWO/V1BO.isoTjILjCLv3Niz5eSIL6xhh9orJx5q
            [Status] => 1
            [Created_at] => 2024-09-07 14:11:28
            [Updated_at] => 2024-09-10 11:46:56
            [Deleted_at] => 
        )

)

WARNING - 2024-09-30 00:45:12 --> [DEPRECATED] Creation of dynamic property App\Controllers\BackupController::$session is deprecated in APPPATH\Controllers\BackupController.php on line 12.
 1 SYSTEMPATH\CodeIgniter.php(903): App\Controllers\BackupController->__construct()
 2 SYSTEMPATH\CodeIgniter.php(500): CodeIgniter\CodeIgniter->createController()
 3 SYSTEMPATH\CodeIgniter.php(355): CodeIgniter\CodeIgniter->handleRequest(null, Object(Config\Cache), false)
 4 SYSTEMPATH\Boot.php(325): CodeIgniter\CodeIgniter->run()
 5 SYSTEMPATH\Boot.php(67): CodeIgniter\Boot::runCodeIgniter(Object(CodeIgniter\CodeIgniter))
 6 FCPATH\index.php(56): CodeIgniter\Boot::bootWeb(Object(Config\Paths))
WARNING - 2024-09-30 00:45:12 --> [DEPRECATED] Creation of dynamic property App\Controllers\BackupController::$db is deprecated in APPPATH\Controllers\BackupController.php on line 13.
 1 SYSTEMPATH\CodeIgniter.php(903): App\Controllers\BackupController->__construct()
 2 SYSTEMPATH\CodeIgniter.php(500): CodeIgniter\CodeIgniter->createController()
 3 SYSTEMPATH\CodeIgniter.php(355): CodeIgniter\CodeIgniter->handleRequest(null, Object(Config\Cache), false)
 4 SYSTEMPATH\Boot.php(325): CodeIgniter\CodeIgniter->run()
 5 SYSTEMPATH\Boot.php(67): CodeIgniter\Boot::runCodeIgniter(Object(CodeIgniter\CodeIgniter))
 6 FCPATH\index.php(56): CodeIgniter\Boot::bootWeb(Object(Config\Paths))
INFO - 2024-09-30 00:45:13 --> Session: Class initialized using 'CodeIgniter\Session\Handlers\FileHandler' driver.
DEBUG - 2024-09-30 00:45:13 --> User Data: Array
(
    [0] => stdClass Object
        (
            [UserID] => 40
            [Username] => ADMIN
            [Password] => $2y$10$jVfIcD3jEZkfXzVbtjGuX.HbA1rH4pm2DYZRn/D.GRPPrG0AxN1D6
            [Status] => 1
            [Created_at] => 2024-08-04 16:45:51
            [Updated_at] => 2024-09-14 19:04:25
            [Deleted_at] => 
        )

    [1] => stdClass Object
        (
            [UserID] => 47
            [Username] => john132a
            [Password] => LhJ67RmKqxxHPJjMcwtk9VJyRGhtNFhhZ1FYbEViK2pRV0M5SVE9PQ==
            [Status] => 1
            [Created_at] => 2024-08-05 08:42:34
            [Updated_at] => 2024-09-10 11:47:04
            [Deleted_at] => 
        )

    [2] => stdClass Object
        (
            [UserID] => 48
            [Username] => KLOG1
            [Password] => $2y$10$YQU7YplkMRZByzMk/.ujA.93/rqWAtAQZSZ9b2/inTWcQ2HWv4Nt6
            [Status] => 1
            [Created_at] => 2024-08-19 04:56:12
            [Updated_at] => 2024-09-14 19:04:33
            [Deleted_at] => 
        )

    [3] => stdClass Object
        (
            [UserID] => 49
            [Username] => ss
            [Password] => $2y$10$//waeizylBeB1l9cTBViOul1/jztUWFisS4YbveiYiIOjjPv/F/aO
            [Status] => 1
            [Created_at] => 2024-09-04 18:23:59
            [Updated_at] => 2024-09-10 11:47:02
            [Deleted_at] => 
        )

    [4] => stdClass Object
        (
            [UserID] => 51
            [Username] => wed
            [Password] => $2y$10$wzJNtuJOHZnR6Ec8Ryr1ou8Sc5TgMWl8LegGPpt23HIQHrPqR334i
            [Status] => 1
            [Created_at] => 2024-09-07 12:05:11
            [Updated_at] => 2024-09-10 11:47:15
            [Deleted_at] => 
        )

    [5] => stdClass Object
        (
            [UserID] => 52
            [Username] => asdsd
            [Password] => $2y$10$Li.flGIGJlqgMzWO/V1BO.isoTjILjCLv3Niz5eSIL6xhh9orJx5q
            [Status] => 1
            [Created_at] => 2024-09-07 14:11:28
            [Updated_at] => 2024-09-10 11:46:56
            [Deleted_at] => 
        )

)

INFO - 2024-09-30 16:15:18 --> Session: Class initialized using 'CodeIgniter\Session\Handlers\FileHandler' driver.
INFO - 2024-09-30 16:21:45 --> Session: Class initialized using 'CodeIgniter\Session\Handlers\FileHandler' driver.
INFO - 2024-09-30 16:21:45 --> Session: Class initialized using 'CodeIgniter\Session\Handlers\FileHandler' driver.
DEBUG - 2024-09-30 16:21:45 --> User Data: Array
(
    [0] => stdClass Object
        (
            [UserID] => 40
            [Username] => ADMIN
            [Password] => $2y$10$jVfIcD3jEZkfXzVbtjGuX.HbA1rH4pm2DYZRn/D.GRPPrG0AxN1D6
            [Status] => 1
            [Created_at] => 2024-08-04 16:45:51
            [Updated_at] => 2024-09-14 19:04:25
            [Deleted_at] => 
        )

    [1] => stdClass Object
        (
            [UserID] => 47
            [Username] => john132a
            [Password] => LhJ67RmKqxxHPJjMcwtk9VJyRGhtNFhhZ1FYbEViK2pRV0M5SVE9PQ==
            [Status] => 1
            [Created_at] => 2024-08-05 08:42:34
            [Updated_at] => 2024-09-10 11:47:04
            [Deleted_at] => 
        )

    [2] => stdClass Object
        (
            [UserID] => 48
            [Username] => KLOG1
            [Password] => $2y$10$YQU7YplkMRZByzMk/.ujA.93/rqWAtAQZSZ9b2/inTWcQ2HWv4Nt6
            [Status] => 1
            [Created_at] => 2024-08-19 04:56:12
            [Updated_at] => 2024-09-14 19:04:33
            [Deleted_at] => 
        )

    [3] => stdClass Object
        (
            [UserID] => 49
            [Username] => ss
            [Password] => $2y$10$//waeizylBeB1l9cTBViOul1/jztUWFisS4YbveiYiIOjjPv/F/aO
            [Status] => 1
            [Created_at] => 2024-09-04 18:23:59
            [Updated_at] => 2024-09-10 11:47:02
            [Deleted_at] => 
        )

    [4] => stdClass Object
        (
            [UserID] => 51
            [Username] => wed
            [Password] => $2y$10$wzJNtuJOHZnR6Ec8Ryr1ou8Sc5TgMWl8LegGPpt23HIQHrPqR334i
            [Status] => 1
            [Created_at] => 2024-09-07 12:05:11
            [Updated_at] => 2024-09-10 11:47:15
            [Deleted_at] => 
        )

    [5] => stdClass Object
        (
            [UserID] => 52
            [Username] => asdsd
            [Password] => $2y$10$Li.flGIGJlqgMzWO/V1BO.isoTjILjCLv3Niz5eSIL6xhh9orJx5q
            [Status] => 1
            [Created_at] => 2024-09-07 14:11:28
            [Updated_at] => 2024-09-10 11:46:56
            [Deleted_at] => 
        )

)

INFO - 2024-09-30 16:21:56 --> Session: Class initialized using 'CodeIgniter\Session\Handlers\FileHandler' driver.
DEBUG - 2024-09-30 16:21:56 --> User Data: Array
(
    [0] => stdClass Object
        (
            [UserID] => 40
            [Username] => ADMIN
            [Password] => $2y$10$jVfIcD3jEZkfXzVbtjGuX.HbA1rH4pm2DYZRn/D.GRPPrG0AxN1D6
            [Status] => 1
            [Created_at] => 2024-08-04 16:45:51
            [Updated_at] => 2024-09-14 19:04:25
            [Deleted_at] => 
        )

    [1] => stdClass Object
        (
            [UserID] => 47
            [Username] => john132a
            [Password] => LhJ67RmKqxxHPJjMcwtk9VJyRGhtNFhhZ1FYbEViK2pRV0M5SVE9PQ==
            [Status] => 1
            [Created_at] => 2024-08-05 08:42:34
            [Updated_at] => 2024-09-10 11:47:04
            [Deleted_at] => 
        )

    [2] => stdClass Object
        (
            [UserID] => 48
            [Username] => KLOG1
            [Password] => $2y$10$YQU7YplkMRZByzMk/.ujA.93/rqWAtAQZSZ9b2/inTWcQ2HWv4Nt6
            [Status] => 1
            [Created_at] => 2024-08-19 04:56:12
            [Updated_at] => 2024-09-14 19:04:33
            [Deleted_at] => 
        )

    [3] => stdClass Object
        (
            [UserID] => 49
            [Username] => ss
            [Password] => $2y$10$//waeizylBeB1l9cTBViOul1/jztUWFisS4YbveiYiIOjjPv/F/aO
            [Status] => 1
            [Created_at] => 2024-09-04 18:23:59
            [Updated_at] => 2024-09-10 11:47:02
            [Deleted_at] => 
        )

    [4] => stdClass Object
        (
            [UserID] => 51
            [Username] => wed
            [Password] => $2y$10$wzJNtuJOHZnR6Ec8Ryr1ou8Sc5TgMWl8LegGPpt23HIQHrPqR334i
            [Status] => 1
            [Created_at] => 2024-09-07 12:05:11
            [Updated_at] => 2024-09-10 11:47:15
            [Deleted_at] => 
        )

    [5] => stdClass Object
        (
            [UserID] => 52
            [Username] => asdsd
            [Password] => $2y$10$Li.flGIGJlqgMzWO/V1BO.isoTjILjCLv3Niz5eSIL6xhh9orJx5q
            [Status] => 1
            [Created_at] => 2024-09-07 14:11:28
            [Updated_at] => 2024-09-10 11:46:56
            [Deleted_at] => 
        )

)

INFO - 2024-09-30 16:21:56 --> Session: Class initialized using 'CodeIgniter\Session\Handlers\FileHandler' driver.
DEBUG - 2024-09-30 16:21:56 --> User Data: Array
(
    [0] => stdClass Object
        (
            [UserID] => 40
            [Username] => ADMIN
            [Password] => $2y$10$jVfIcD3jEZkfXzVbtjGuX.HbA1rH4pm2DYZRn/D.GRPPrG0AxN1D6
            [Status] => 1
            [Created_at] => 2024-08-04 16:45:51
            [Updated_at] => 2024-09-14 19:04:25
            [Deleted_at] => 
        )

    [1] => stdClass Object
        (
            [UserID] => 47
            [Username] => john132a
            [Password] => LhJ67RmKqxxHPJjMcwtk9VJyRGhtNFhhZ1FYbEViK2pRV0M5SVE9PQ==
            [Status] => 1
            [Created_at] => 2024-08-05 08:42:34
            [Updated_at] => 2024-09-10 11:47:04
            [Deleted_at] => 
        )

    [2] => stdClass Object
        (
            [UserID] => 48
            [Username] => KLOG1
            [Password] => $2y$10$YQU7YplkMRZByzMk/.ujA.93/rqWAtAQZSZ9b2/inTWcQ2HWv4Nt6
            [Status] => 1
            [Created_at] => 2024-08-19 04:56:12
            [Updated_at] => 2024-09-14 19:04:33
            [Deleted_at] => 
        )

    [3] => stdClass Object
        (
            [UserID] => 49
            [Username] => ss
            [Password] => $2y$10$//waeizylBeB1l9cTBViOul1/jztUWFisS4YbveiYiIOjjPv/F/aO
            [Status] => 1
            [Created_at] => 2024-09-04 18:23:59
            [Updated_at] => 2024-09-10 11:47:02
            [Deleted_at] => 
        )

    [4] => stdClass Object
        (
            [UserID] => 51
            [Username] => wed
            [Password] => $2y$10$wzJNtuJOHZnR6Ec8Ryr1ou8Sc5TgMWl8LegGPpt23HIQHrPqR334i
            [Status] => 1
            [Created_at] => 2024-09-07 12:05:11
            [Updated_at] => 2024-09-10 11:47:15
            [Deleted_at] => 
        )

    [5] => stdClass Object
        (
            [UserID] => 52
            [Username] => asdsd
            [Password] => $2y$10$Li.flGIGJlqgMzWO/V1BO.isoTjILjCLv3Niz5eSIL6xhh9orJx5q
            [Status] => 1
            [Created_at] => 2024-09-07 14:11:28
            [Updated_at] => 2024-09-10 11:46:56
            [Deleted_at] => 
        )

)

WARNING - 2024-09-30 16:21:56 --> [DEPRECATED] Creation of dynamic property App\Controllers\BackupController::$session is deprecated in APPPATH\Controllers\BackupController.php on line 12.
 1 SYSTEMPATH\CodeIgniter.php(903): App\Controllers\BackupController->__construct()
 2 SYSTEMPATH\CodeIgniter.php(500): CodeIgniter\CodeIgniter->createController()
 3 SYSTEMPATH\CodeIgniter.php(355): CodeIgniter\CodeIgniter->handleRequest(null, Object(Config\Cache), false)
 4 SYSTEMPATH\Boot.php(325): CodeIgniter\CodeIgniter->run()
 5 SYSTEMPATH\Boot.php(67): CodeIgniter\Boot::runCodeIgniter(Object(CodeIgniter\CodeIgniter))
 6 FCPATH\index.php(56): CodeIgniter\Boot::bootWeb(Object(Config\Paths))
WARNING - 2024-09-30 16:21:56 --> [DEPRECATED] Creation of dynamic property App\Controllers\BackupController::$db is deprecated in APPPATH\Controllers\BackupController.php on line 13.
 1 SYSTEMPATH\CodeIgniter.php(903): App\Controllers\BackupController->__construct()
 2 SYSTEMPATH\CodeIgniter.php(500): CodeIgniter\CodeIgniter->createController()
 3 SYSTEMPATH\CodeIgniter.php(355): CodeIgniter\CodeIgniter->handleRequest(null, Object(Config\Cache), false)
 4 SYSTEMPATH\Boot.php(325): CodeIgniter\CodeIgniter->run()
 5 SYSTEMPATH\Boot.php(67): CodeIgniter\Boot::runCodeIgniter(Object(CodeIgniter\CodeIgniter))
 6 FCPATH\index.php(56): CodeIgniter\Boot::bootWeb(Object(Config\Paths))
INFO - 2024-09-30 16:21:57 --> Session: Class initialized using 'CodeIgniter\Session\Handlers\FileHandler' driver.
DEBUG - 2024-09-30 16:21:57 --> User Data: Array
(
    [0] => stdClass Object
        (
            [UserID] => 40
            [Username] => ADMIN
            [Password] => $2y$10$jVfIcD3jEZkfXzVbtjGuX.HbA1rH4pm2DYZRn/D.GRPPrG0AxN1D6
            [Status] => 1
            [Created_at] => 2024-08-04 16:45:51
            [Updated_at] => 2024-09-14 19:04:25
            [Deleted_at] => 
        )

    [1] => stdClass Object
        (
            [UserID] => 47
            [Username] => john132a
            [Password] => LhJ67RmKqxxHPJjMcwtk9VJyRGhtNFhhZ1FYbEViK2pRV0M5SVE9PQ==
            [Status] => 1
            [Created_at] => 2024-08-05 08:42:34
            [Updated_at] => 2024-09-10 11:47:04
            [Deleted_at] => 
        )

    [2] => stdClass Object
        (
            [UserID] => 48
            [Username] => KLOG1
            [Password] => $2y$10$YQU7YplkMRZByzMk/.ujA.93/rqWAtAQZSZ9b2/inTWcQ2HWv4Nt6
            [Status] => 1
            [Created_at] => 2024-08-19 04:56:12
            [Updated_at] => 2024-09-14 19:04:33
            [Deleted_at] => 
        )

    [3] => stdClass Object
        (
            [UserID] => 49
            [Username] => ss
            [Password] => $2y$10$//waeizylBeB1l9cTBViOul1/jztUWFisS4YbveiYiIOjjPv/F/aO
            [Status] => 1
            [Created_at] => 2024-09-04 18:23:59
            [Updated_at] => 2024-09-10 11:47:02
            [Deleted_at] => 
        )

    [4] => stdClass Object
        (
            [UserID] => 51
            [Username] => wed
            [Password] => $2y$10$wzJNtuJOHZnR6Ec8Ryr1ou8Sc5TgMWl8LegGPpt23HIQHrPqR334i
            [Status] => 1
            [Created_at] => 2024-09-07 12:05:11
            [Updated_at] => 2024-09-10 11:47:15
            [Deleted_at] => 
        )

    [5] => stdClass Object
        (
            [UserID] => 52
            [Username] => asdsd
            [Password] => $2y$10$Li.flGIGJlqgMzWO/V1BO.isoTjILjCLv3Niz5eSIL6xhh9orJx5q
            [Status] => 1
            [Created_at] => 2024-09-07 14:11:28
            [Updated_at] => 2024-09-10 11:46:56
            [Deleted_at] => 
        )

)

INFO - 2024-09-30 16:21:58 --> Session: Class initialized using 'CodeIgniter\Session\Handlers\FileHandler' driver.
DEBUG - 2024-09-30 16:21:58 --> User Data: Array
(
    [0] => stdClass Object
        (
            [UserID] => 40
            [Username] => ADMIN
            [Password] => $2y$10$jVfIcD3jEZkfXzVbtjGuX.HbA1rH4pm2DYZRn/D.GRPPrG0AxN1D6
            [Status] => 1
            [Created_at] => 2024-08-04 16:45:51
            [Updated_at] => 2024-09-14 19:04:25
            [Deleted_at] => 
        )

    [1] => stdClass Object
        (
            [UserID] => 47
            [Username] => john132a
            [Password] => LhJ67RmKqxxHPJjMcwtk9VJyRGhtNFhhZ1FYbEViK2pRV0M5SVE9PQ==
            [Status] => 1
            [Created_at] => 2024-08-05 08:42:34
            [Updated_at] => 2024-09-10 11:47:04
            [Deleted_at] => 
        )

    [2] => stdClass Object
        (
            [UserID] => 48
            [Username] => KLOG1
            [Password] => $2y$10$YQU7YplkMRZByzMk/.ujA.93/rqWAtAQZSZ9b2/inTWcQ2HWv4Nt6
            [Status] => 1
            [Created_at] => 2024-08-19 04:56:12
            [Updated_at] => 2024-09-14 19:04:33
            [Deleted_at] => 
        )

    [3] => stdClass Object
        (
            [UserID] => 49
            [Username] => ss
            [Password] => $2y$10$//waeizylBeB1l9cTBViOul1/jztUWFisS4YbveiYiIOjjPv/F/aO
            [Status] => 1
            [Created_at] => 2024-09-04 18:23:59
            [Updated_at] => 2024-09-10 11:47:02
            [Deleted_at] => 
        )

    [4] => stdClass Object
        (
            [UserID] => 51
            [Username] => wed
            [Password] => $2y$10$wzJNtuJOHZnR6Ec8Ryr1ou8Sc5TgMWl8LegGPpt23HIQHrPqR334i
            [Status] => 1
            [Created_at] => 2024-09-07 12:05:11
            [Updated_at] => 2024-09-10 11:47:15
            [Deleted_at] => 
        )

    [5] => stdClass Object
        (
            [UserID] => 52
            [Username] => asdsd
            [Password] => $2y$10$Li.flGIGJlqgMzWO/V1BO.isoTjILjCLv3Niz5eSIL6xhh9orJx5q
            [Status] => 1
            [Created_at] => 2024-09-07 14:11:28
            [Updated_at] => 2024-09-10 11:46:56
            [Deleted_at] => 
        )

)

INFO - 2024-09-30 16:21:59 --> Session: Class initialized using 'CodeIgniter\Session\Handlers\FileHandler' driver.
DEBUG - 2024-09-30 16:21:59 --> User Data: Array
(
    [0] => stdClass Object
        (
            [UserID] => 40
            [Username] => ADMIN
            [Password] => $2y$10$jVfIcD3jEZkfXzVbtjGuX.HbA1rH4pm2DYZRn/D.GRPPrG0AxN1D6
            [Status] => 1
            [Created_at] => 2024-08-04 16:45:51
            [Updated_at] => 2024-09-14 19:04:25
            [Deleted_at] => 
        )

    [1] => stdClass Object
        (
            [UserID] => 47
            [Username] => john132a
            [Password] => LhJ67RmKqxxHPJjMcwtk9VJyRGhtNFhhZ1FYbEViK2pRV0M5SVE9PQ==
            [Status] => 1
            [Created_at] => 2024-08-05 08:42:34
            [Updated_at] => 2024-09-10 11:47:04
            [Deleted_at] => 
        )

    [2] => stdClass Object
        (
            [UserID] => 48
            [Username] => KLOG1
            [Password] => $2y$10$YQU7YplkMRZByzMk/.ujA.93/rqWAtAQZSZ9b2/inTWcQ2HWv4Nt6
            [Status] => 1
            [Created_at] => 2024-08-19 04:56:12
            [Updated_at] => 2024-09-14 19:04:33
            [Deleted_at] => 
        )

    [3] => stdClass Object
        (
            [UserID] => 49
            [Username] => ss
            [Password] => $2y$10$//waeizylBeB1l9cTBViOul1/jztUWFisS4YbveiYiIOjjPv/F/aO
            [Status] => 1
            [Created_at] => 2024-09-04 18:23:59
            [Updated_at] => 2024-09-10 11:47:02
            [Deleted_at] => 
        )

    [4] => stdClass Object
        (
            [UserID] => 51
            [Username] => wed
            [Password] => $2y$10$wzJNtuJOHZnR6Ec8Ryr1ou8Sc5TgMWl8LegGPpt23HIQHrPqR334i
            [Status] => 1
            [Created_at] => 2024-09-07 12:05:11
            [Updated_at] => 2024-09-10 11:47:15
            [Deleted_at] => 
        )

    [5] => stdClass Object
        (
            [UserID] => 52
            [Username] => asdsd
            [Password] => $2y$10$Li.flGIGJlqgMzWO/V1BO.isoTjILjCLv3Niz5eSIL6xhh9orJx5q
            [Status] => 1
            [Created_at] => 2024-09-07 14:11:28
            [Updated_at] => 2024-09-10 11:46:56
            [Deleted_at] => 
        )

)

INFO - 2024-09-30 16:22:01 --> Session: Class initialized using 'CodeIgniter\Session\Handlers\FileHandler' driver.
DEBUG - 2024-09-30 16:22:01 --> User Data: Array
(
    [0] => stdClass Object
        (
            [UserID] => 40
            [Username] => ADMIN
            [Password] => $2y$10$jVfIcD3jEZkfXzVbtjGuX.HbA1rH4pm2DYZRn/D.GRPPrG0AxN1D6
            [Status] => 1
            [Created_at] => 2024-08-04 16:45:51
            [Updated_at] => 2024-09-14 19:04:25
            [Deleted_at] => 
        )

    [1] => stdClass Object
        (
            [UserID] => 47
            [Username] => john132a
            [Password] => LhJ67RmKqxxHPJjMcwtk9VJyRGhtNFhhZ1FYbEViK2pRV0M5SVE9PQ==
            [Status] => 1
            [Created_at] => 2024-08-05 08:42:34
            [Updated_at] => 2024-09-10 11:47:04
            [Deleted_at] => 
        )

    [2] => stdClass Object
        (
            [UserID] => 48
            [Username] => KLOG1
            [Password] => $2y$10$YQU7YplkMRZByzMk/.ujA.93/rqWAtAQZSZ9b2/inTWcQ2HWv4Nt6
            [Status] => 1
            [Created_at] => 2024-08-19 04:56:12
            [Updated_at] => 2024-09-14 19:04:33
            [Deleted_at] => 
        )

    [3] => stdClass Object
        (
            [UserID] => 49
            [Username] => ss
            [Password] => $2y$10$//waeizylBeB1l9cTBViOul1/jztUWFisS4YbveiYiIOjjPv/F/aO
            [Status] => 1
            [Created_at] => 2024-09-04 18:23:59
            [Updated_at] => 2024-09-10 11:47:02
            [Deleted_at] => 
        )

    [4] => stdClass Object
        (
            [UserID] => 51
            [Username] => wed
            [Password] => $2y$10$wzJNtuJOHZnR6Ec8Ryr1ou8Sc5TgMWl8LegGPpt23HIQHrPqR334i
            [Status] => 1
            [Created_at] => 2024-09-07 12:05:11
            [Updated_at] => 2024-09-10 11:47:15
            [Deleted_at] => 
        )

    [5] => stdClass Object
        (
            [UserID] => 52
            [Username] => asdsd
            [Password] => $2y$10$Li.flGIGJlqgMzWO/V1BO.isoTjILjCLv3Niz5eSIL6xhh9orJx5q
            [Status] => 1
            [Created_at] => 2024-09-07 14:11:28
            [Updated_at] => 2024-09-10 11:46:56
            [Deleted_at] => 
        )

)

INFO - 2024-09-30 16:22:03 --> Session: Class initialized using 'CodeIgniter\Session\Handlers\FileHandler' driver.
DEBUG - 2024-09-30 16:22:03 --> User Data: Array
(
    [0] => stdClass Object
        (
            [UserID] => 40
            [Username] => ADMIN
            [Password] => $2y$10$jVfIcD3jEZkfXzVbtjGuX.HbA1rH4pm2DYZRn/D.GRPPrG0AxN1D6
            [Status] => 1
            [Created_at] => 2024-08-04 16:45:51
            [Updated_at] => 2024-09-14 19:04:25
            [Deleted_at] => 
        )

    [1] => stdClass Object
        (
            [UserID] => 47
            [Username] => john132a
            [Password] => LhJ67RmKqxxHPJjMcwtk9VJyRGhtNFhhZ1FYbEViK2pRV0M5SVE9PQ==
            [Status] => 1
            [Created_at] => 2024-08-05 08:42:34
            [Updated_at] => 2024-09-10 11:47:04
            [Deleted_at] => 
        )

    [2] => stdClass Object
        (
            [UserID] => 48
            [Username] => KLOG1
            [Password] => $2y$10$YQU7YplkMRZByzMk/.ujA.93/rqWAtAQZSZ9b2/inTWcQ2HWv4Nt6
            [Status] => 1
            [Created_at] => 2024-08-19 04:56:12
            [Updated_at] => 2024-09-14 19:04:33
            [Deleted_at] => 
        )

    [3] => stdClass Object
        (
            [UserID] => 49
            [Username] => ss
            [Password] => $2y$10$//waeizylBeB1l9cTBViOul1/jztUWFisS4YbveiYiIOjjPv/F/aO
            [Status] => 1
            [Created_at] => 2024-09-04 18:23:59
            [Updated_at] => 2024-09-10 11:47:02
            [Deleted_at] => 
        )

    [4] => stdClass Object
        (
            [UserID] => 51
            [Username] => wed
            [Password] => $2y$10$wzJNtuJOHZnR6Ec8Ryr1ou8Sc5TgMWl8LegGPpt23HIQHrPqR334i
            [Status] => 1
            [Created_at] => 2024-09-07 12:05:11
            [Updated_at] => 2024-09-10 11:47:15
            [Deleted_at] => 
        )

    [5] => stdClass Object
        (
            [UserID] => 52
            [Username] => asdsd
            [Password] => $2y$10$Li.flGIGJlqgMzWO/V1BO.isoTjILjCLv3Niz5eSIL6xhh9orJx5q
            [Status] => 1
            [Created_at] => 2024-09-07 14:11:28
            [Updated_at] => 2024-09-10 11:46:56
            [Deleted_at] => 
        )

)

INFO - 2024-09-30 16:23:08 --> Session: Class initialized using 'CodeIgniter\Session\Handlers\FileHandler' driver.
DEBUG - 2024-09-30 16:23:08 --> User Data: Array
(
    [0] => stdClass Object
        (
            [UserID] => 40
            [Username] => ADMIN
            [Password] => $2y$10$jVfIcD3jEZkfXzVbtjGuX.HbA1rH4pm2DYZRn/D.GRPPrG0AxN1D6
            [Status] => 1
            [Created_at] => 2024-08-04 16:45:51
            [Updated_at] => 2024-09-14 19:04:25
            [Deleted_at] => 
        )

    [1] => stdClass Object
        (
            [UserID] => 47
            [Username] => john132a
            [Password] => LhJ67RmKqxxHPJjMcwtk9VJyRGhtNFhhZ1FYbEViK2pRV0M5SVE9PQ==
            [Status] => 1
            [Created_at] => 2024-08-05 08:42:34
            [Updated_at] => 2024-09-10 11:47:04
            [Deleted_at] => 
        )

    [2] => stdClass Object
        (
            [UserID] => 48
            [Username] => KLOG1
            [Password] => $2y$10$YQU7YplkMRZByzMk/.ujA.93/rqWAtAQZSZ9b2/inTWcQ2HWv4Nt6
            [Status] => 1
            [Created_at] => 2024-08-19 04:56:12
            [Updated_at] => 2024-09-14 19:04:33
            [Deleted_at] => 
        )

    [3] => stdClass Object
        (
            [UserID] => 49
            [Username] => ss
            [Password] => $2y$10$//waeizylBeB1l9cTBViOul1/jztUWFisS4YbveiYiIOjjPv/F/aO
            [Status] => 1
            [Created_at] => 2024-09-04 18:23:59
            [Updated_at] => 2024-09-10 11:47:02
            [Deleted_at] => 
        )

    [4] => stdClass Object
        (
            [UserID] => 51
            [Username] => wed
            [Password] => $2y$10$wzJNtuJOHZnR6Ec8Ryr1ou8Sc5TgMWl8LegGPpt23HIQHrPqR334i
            [Status] => 1
            [Created_at] => 2024-09-07 12:05:11
            [Updated_at] => 2024-09-10 11:47:15
            [Deleted_at] => 
        )

    [5] => stdClass Object
        (
            [UserID] => 52
            [Username] => asdsd
            [Password] => $2y$10$Li.flGIGJlqgMzWO/V1BO.isoTjILjCLv3Niz5eSIL6xhh9orJx5q
            [Status] => 1
            [Created_at] => 2024-09-07 14:11:28
            [Updated_at] => 2024-09-10 11:46:56
            [Deleted_at] => 
        )

)

INFO - 2024-09-30 17:26:43 --> Session: Class initialized using 'CodeIgniter\Session\Handlers\FileHandler' driver.
DEBUG - 2024-09-30 17:26:43 --> User Data: Array
(
    [0] => stdClass Object
        (
            [UserID] => 40
            [Username] => ADMIN
            [Password] => $2y$10$jVfIcD3jEZkfXzVbtjGuX.HbA1rH4pm2DYZRn/D.GRPPrG0AxN1D6
            [Status] => 1
            [Created_at] => 2024-08-04 16:45:51
            [Updated_at] => 2024-09-14 19:04:25
            [Deleted_at] => 
        )

    [1] => stdClass Object
        (
            [UserID] => 47
            [Username] => john132a
            [Password] => LhJ67RmKqxxHPJjMcwtk9VJyRGhtNFhhZ1FYbEViK2pRV0M5SVE9PQ==
            [Status] => 1
            [Created_at] => 2024-08-05 08:42:34
            [Updated_at] => 2024-09-10 11:47:04
            [Deleted_at] => 
        )

    [2] => stdClass Object
        (
            [UserID] => 48
            [Username] => KLOG1
            [Password] => $2y$10$YQU7YplkMRZByzMk/.ujA.93/rqWAtAQZSZ9b2/inTWcQ2HWv4Nt6
            [Status] => 1
            [Created_at] => 2024-08-19 04:56:12
            [Updated_at] => 2024-09-14 19:04:33
            [Deleted_at] => 
        )

    [3] => stdClass Object
        (
            [UserID] => 49
            [Username] => ss
            [Password] => $2y$10$//waeizylBeB1l9cTBViOul1/jztUWFisS4YbveiYiIOjjPv/F/aO
            [Status] => 1
            [Created_at] => 2024-09-04 18:23:59
            [Updated_at] => 2024-09-10 11:47:02
            [Deleted_at] => 
        )

    [4] => stdClass Object
        (
            [UserID] => 51
            [Username] => wed
            [Password] => $2y$10$wzJNtuJOHZnR6Ec8Ryr1ou8Sc5TgMWl8LegGPpt23HIQHrPqR334i
            [Status] => 1
            [Created_at] => 2024-09-07 12:05:11
            [Updated_at] => 2024-09-10 11:47:15
            [Deleted_at] => 
        )

    [5] => stdClass Object
        (
            [UserID] => 52
            [Username] => asdsd
            [Password] => $2y$10$Li.flGIGJlqgMzWO/V1BO.isoTjILjCLv3Niz5eSIL6xhh9orJx5q
            [Status] => 1
            [Created_at] => 2024-09-07 14:11:28
            [Updated_at] => 2024-09-10 11:46:56
            [Deleted_at] => 
        )

)

INFO - 2024-09-30 17:26:46 --> Session: Class initialized using 'CodeIgniter\Session\Handlers\FileHandler' driver.
DEBUG - 2024-09-30 17:26:46 --> User Data: Array
(
    [0] => stdClass Object
        (
            [UserID] => 40
            [Username] => ADMIN
            [Password] => $2y$10$jVfIcD3jEZkfXzVbtjGuX.HbA1rH4pm2DYZRn/D.GRPPrG0AxN1D6
            [Status] => 1
            [Created_at] => 2024-08-04 16:45:51
            [Updated_at] => 2024-09-14 19:04:25
            [Deleted_at] => 
        )

    [1] => stdClass Object
        (
            [UserID] => 47
            [Username] => john132a
            [Password] => LhJ67RmKqxxHPJjMcwtk9VJyRGhtNFhhZ1FYbEViK2pRV0M5SVE9PQ==
            [Status] => 1
            [Created_at] => 2024-08-05 08:42:34
            [Updated_at] => 2024-09-10 11:47:04
            [Deleted_at] => 
        )

    [2] => stdClass Object
        (
            [UserID] => 48
            [Username] => KLOG1
            [Password] => $2y$10$YQU7YplkMRZByzMk/.ujA.93/rqWAtAQZSZ9b2/inTWcQ2HWv4Nt6
            [Status] => 1
            [Created_at] => 2024-08-19 04:56:12
            [Updated_at] => 2024-09-14 19:04:33
            [Deleted_at] => 
        )

    [3] => stdClass Object
        (
            [UserID] => 49
            [Username] => ss
            [Password] => $2y$10$//waeizylBeB1l9cTBViOul1/jztUWFisS4YbveiYiIOjjPv/F/aO
            [Status] => 1
            [Created_at] => 2024-09-04 18:23:59
            [Updated_at] => 2024-09-10 11:47:02
            [Deleted_at] => 
        )

    [4] => stdClass Object
        (
            [UserID] => 51
            [Username] => wed
            [Password] => $2y$10$wzJNtuJOHZnR6Ec8Ryr1ou8Sc5TgMWl8LegGPpt23HIQHrPqR334i
            [Status] => 1
            [Created_at] => 2024-09-07 12:05:11
            [Updated_at] => 2024-09-10 11:47:15
            [Deleted_at] => 
        )

    [5] => stdClass Object
        (
            [UserID] => 52
            [Username] => asdsd
            [Password] => $2y$10$Li.flGIGJlqgMzWO/V1BO.isoTjILjCLv3Niz5eSIL6xhh9orJx5q
            [Status] => 1
            [Created_at] => 2024-09-07 14:11:28
            [Updated_at] => 2024-09-10 11:46:56
            [Deleted_at] => 
        )

)

INFO - 2024-09-30 17:26:53 --> Session: Class initialized using 'CodeIgniter\Session\Handlers\FileHandler' driver.
DEBUG - 2024-09-30 17:26:53 --> User Data: Array
(
    [0] => stdClass Object
        (
            [UserID] => 40
            [Username] => ADMIN
            [Password] => $2y$10$jVfIcD3jEZkfXzVbtjGuX.HbA1rH4pm2DYZRn/D.GRPPrG0AxN1D6
            [Status] => 1
            [Created_at] => 2024-08-04 16:45:51
            [Updated_at] => 2024-09-14 19:04:25
            [Deleted_at] => 
        )

    [1] => stdClass Object
        (
            [UserID] => 47
            [Username] => john132a
            [Password] => LhJ67RmKqxxHPJjMcwtk9VJyRGhtNFhhZ1FYbEViK2pRV0M5SVE9PQ==
            [Status] => 1
            [Created_at] => 2024-08-05 08:42:34
            [Updated_at] => 2024-09-10 11:47:04
            [Deleted_at] => 
        )

    [2] => stdClass Object
        (
            [UserID] => 48
            [Username] => KLOG1
            [Password] => $2y$10$YQU7YplkMRZByzMk/.ujA.93/rqWAtAQZSZ9b2/inTWcQ2HWv4Nt6
            [Status] => 1
            [Created_at] => 2024-08-19 04:56:12
            [Updated_at] => 2024-09-14 19:04:33
            [Deleted_at] => 
        )

    [3] => stdClass Object
        (
            [UserID] => 49
            [Username] => ss
            [Password] => $2y$10$//waeizylBeB1l9cTBViOul1/jztUWFisS4YbveiYiIOjjPv/F/aO
            [Status] => 1
            [Created_at] => 2024-09-04 18:23:59
            [Updated_at] => 2024-09-10 11:47:02
            [Deleted_at] => 
        )

    [4] => stdClass Object
        (
            [UserID] => 51
            [Username] => wed
            [Password] => $2y$10$wzJNtuJOHZnR6Ec8Ryr1ou8Sc5TgMWl8LegGPpt23HIQHrPqR334i
            [Status] => 1
            [Created_at] => 2024-09-07 12:05:11
            [Updated_at] => 2024-09-10 11:47:15
            [Deleted_at] => 
        )

    [5] => stdClass Object
        (
            [UserID] => 52
            [Username] => asdsd
            [Password] => $2y$10$Li.flGIGJlqgMzWO/V1BO.isoTjILjCLv3Niz5eSIL6xhh9orJx5q
            [Status] => 1
            [Created_at] => 2024-09-07 14:11:28
            [Updated_at] => 2024-09-10 11:46:56
            [Deleted_at] => 
        )

)

INFO - 2024-09-30 17:26:56 --> Session: Class initialized using 'CodeIgniter\Session\Handlers\FileHandler' driver.
DEBUG - 2024-09-30 17:26:56 --> User Data: Array
(
    [0] => stdClass Object
        (
            [UserID] => 40
            [Username] => ADMIN
            [Password] => $2y$10$jVfIcD3jEZkfXzVbtjGuX.HbA1rH4pm2DYZRn/D.GRPPrG0AxN1D6
            [Status] => 1
            [Created_at] => 2024-08-04 16:45:51
            [Updated_at] => 2024-09-14 19:04:25
            [Deleted_at] => 
        )

    [1] => stdClass Object
        (
            [UserID] => 47
            [Username] => john132a
            [Password] => LhJ67RmKqxxHPJjMcwtk9VJyRGhtNFhhZ1FYbEViK2pRV0M5SVE9PQ==
            [Status] => 1
            [Created_at] => 2024-08-05 08:42:34
            [Updated_at] => 2024-09-10 11:47:04
            [Deleted_at] => 
        )

    [2] => stdClass Object
        (
            [UserID] => 48
            [Username] => KLOG1
            [Password] => $2y$10$YQU7YplkMRZByzMk/.ujA.93/rqWAtAQZSZ9b2/inTWcQ2HWv4Nt6
            [Status] => 1
            [Created_at] => 2024-08-19 04:56:12
            [Updated_at] => 2024-09-14 19:04:33
            [Deleted_at] => 
        )

    [3] => stdClass Object
        (
            [UserID] => 49
            [Username] => ss
            [Password] => $2y$10$//waeizylBeB1l9cTBViOul1/jztUWFisS4YbveiYiIOjjPv/F/aO
            [Status] => 1
            [Created_at] => 2024-09-04 18:23:59
            [Updated_at] => 2024-09-10 11:47:02
            [Deleted_at] => 
        )

    [4] => stdClass Object
        (
            [UserID] => 51
            [Username] => wed
            [Password] => $2y$10$wzJNtuJOHZnR6Ec8Ryr1ou8Sc5TgMWl8LegGPpt23HIQHrPqR334i
            [Status] => 1
            [Created_at] => 2024-09-07 12:05:11
            [Updated_at] => 2024-09-10 11:47:15
            [Deleted_at] => 
        )

    [5] => stdClass Object
        (
            [UserID] => 52
            [Username] => asdsd
            [Password] => $2y$10$Li.flGIGJlqgMzWO/V1BO.isoTjILjCLv3Niz5eSIL6xhh9orJx5q
            [Status] => 1
            [Created_at] => 2024-09-07 14:11:28
            [Updated_at] => 2024-09-10 11:46:56
            [Deleted_at] => 
        )

)

INFO - 2024-09-30 17:27:02 --> Session: Class initialized using 'CodeIgniter\Session\Handlers\FileHandler' driver.
DEBUG - 2024-09-30 17:27:02 --> User Data: Array
(
    [0] => stdClass Object
        (
            [UserID] => 40
            [Username] => ADMIN
            [Password] => $2y$10$jVfIcD3jEZkfXzVbtjGuX.HbA1rH4pm2DYZRn/D.GRPPrG0AxN1D6
            [Status] => 1
            [Created_at] => 2024-08-04 16:45:51
            [Updated_at] => 2024-09-14 19:04:25
            [Deleted_at] => 
        )

    [1] => stdClass Object
        (
            [UserID] => 47
            [Username] => john132a
            [Password] => LhJ67RmKqxxHPJjMcwtk9VJyRGhtNFhhZ1FYbEViK2pRV0M5SVE9PQ==
            [Status] => 1
            [Created_at] => 2024-08-05 08:42:34
            [Updated_at] => 2024-09-10 11:47:04
            [Deleted_at] => 
        )

    [2] => stdClass Object
        (
            [UserID] => 48
            [Username] => KLOG1
            [Password] => $2y$10$YQU7YplkMRZByzMk/.ujA.93/rqWAtAQZSZ9b2/inTWcQ2HWv4Nt6
            [Status] => 1
            [Created_at] => 2024-08-19 04:56:12
            [Updated_at] => 2024-09-14 19:04:33
            [Deleted_at] => 
        )

    [3] => stdClass Object
        (
            [UserID] => 49
            [Username] => ss
            [Password] => $2y$10$//waeizylBeB1l9cTBViOul1/jztUWFisS4YbveiYiIOjjPv/F/aO
            [Status] => 1
            [Created_at] => 2024-09-04 18:23:59
            [Updated_at] => 2024-09-10 11:47:02
            [Deleted_at] => 
        )

    [4] => stdClass Object
        (
            [UserID] => 51
            [Username] => wed
            [Password] => $2y$10$wzJNtuJOHZnR6Ec8Ryr1ou8Sc5TgMWl8LegGPpt23HIQHrPqR334i
            [Status] => 1
            [Created_at] => 2024-09-07 12:05:11
            [Updated_at] => 2024-09-10 11:47:15
            [Deleted_at] => 
        )

    [5] => stdClass Object
        (
            [UserID] => 52
            [Username] => asdsd
            [Password] => $2y$10$Li.flGIGJlqgMzWO/V1BO.isoTjILjCLv3Niz5eSIL6xhh9orJx5q
            [Status] => 1
            [Created_at] => 2024-09-07 14:11:28
            [Updated_at] => 2024-09-10 11:46:56
            [Deleted_at] => 
        )

)

INFO - 2024-09-30 17:28:27 --> Session: Class initialized using 'CodeIgniter\Session\Handlers\FileHandler' driver.
DEBUG - 2024-09-30 17:28:27 --> User Data: Array
(
    [0] => stdClass Object
        (
            [UserID] => 40
            [Username] => ADMIN
            [Password] => $2y$10$jVfIcD3jEZkfXzVbtjGuX.HbA1rH4pm2DYZRn/D.GRPPrG0AxN1D6
            [Status] => 1
            [Created_at] => 2024-08-04 16:45:51
            [Updated_at] => 2024-09-14 19:04:25
            [Deleted_at] => 
        )

    [1] => stdClass Object
        (
            [UserID] => 47
            [Username] => john132a
            [Password] => LhJ67RmKqxxHPJjMcwtk9VJyRGhtNFhhZ1FYbEViK2pRV0M5SVE9PQ==
            [Status] => 1
            [Created_at] => 2024-08-05 08:42:34
            [Updated_at] => 2024-09-10 11:47:04
            [Deleted_at] => 
        )

    [2] => stdClass Object
        (
            [UserID] => 48
            [Username] => KLOG1
            [Password] => $2y$10$YQU7YplkMRZByzMk/.ujA.93/rqWAtAQZSZ9b2/inTWcQ2HWv4Nt6
            [Status] => 1
            [Created_at] => 2024-08-19 04:56:12
            [Updated_at] => 2024-09-14 19:04:33
            [Deleted_at] => 
        )

    [3] => stdClass Object
        (
            [UserID] => 49
            [Username] => ss
            [Password] => $2y$10$//waeizylBeB1l9cTBViOul1/jztUWFisS4YbveiYiIOjjPv/F/aO
            [Status] => 1
            [Created_at] => 2024-09-04 18:23:59
            [Updated_at] => 2024-09-10 11:47:02
            [Deleted_at] => 
        )

    [4] => stdClass Object
        (
            [UserID] => 51
            [Username] => wed
            [Password] => $2y$10$wzJNtuJOHZnR6Ec8Ryr1ou8Sc5TgMWl8LegGPpt23HIQHrPqR334i
            [Status] => 1
            [Created_at] => 2024-09-07 12:05:11
            [Updated_at] => 2024-09-10 11:47:15
            [Deleted_at] => 
        )

    [5] => stdClass Object
        (
            [UserID] => 52
            [Username] => asdsd
            [Password] => $2y$10$Li.flGIGJlqgMzWO/V1BO.isoTjILjCLv3Niz5eSIL6xhh9orJx5q
            [Status] => 1
            [Created_at] => 2024-09-07 14:11:28
            [Updated_at] => 2024-09-10 11:46:56
            [Deleted_at] => 
        )

)

INFO - 2024-09-30 17:28:43 --> Session: Class initialized using 'CodeIgniter\Session\Handlers\FileHandler' driver.
DEBUG - 2024-09-30 17:28:44 --> User Data: Array
(
    [0] => stdClass Object
        (
            [UserID] => 40
            [Username] => ADMIN
            [Password] => $2y$10$jVfIcD3jEZkfXzVbtjGuX.HbA1rH4pm2DYZRn/D.GRPPrG0AxN1D6
            [Status] => 1
            [Created_at] => 2024-08-04 16:45:51
            [Updated_at] => 2024-09-14 19:04:25
            [Deleted_at] => 
        )

    [1] => stdClass Object
        (
            [UserID] => 47
            [Username] => john132a
            [Password] => LhJ67RmKqxxHPJjMcwtk9VJyRGhtNFhhZ1FYbEViK2pRV0M5SVE9PQ==
            [Status] => 1
            [Created_at] => 2024-08-05 08:42:34
            [Updated_at] => 2024-09-10 11:47:04
            [Deleted_at] => 
        )

    [2] => stdClass Object
        (
            [UserID] => 48
            [Username] => KLOG1
            [Password] => $2y$10$YQU7YplkMRZByzMk/.ujA.93/rqWAtAQZSZ9b2/inTWcQ2HWv4Nt6
            [Status] => 1
            [Created_at] => 2024-08-19 04:56:12
            [Updated_at] => 2024-09-14 19:04:33
            [Deleted_at] => 
        )

    [3] => stdClass Object
        (
            [UserID] => 49
            [Username] => ss
            [Password] => $2y$10$//waeizylBeB1l9cTBViOul1/jztUWFisS4YbveiYiIOjjPv/F/aO
            [Status] => 1
            [Created_at] => 2024-09-04 18:23:59
            [Updated_at] => 2024-09-10 11:47:02
            [Deleted_at] => 
        )

    [4] => stdClass Object
        (
            [UserID] => 51
            [Username] => wed
            [Password] => $2y$10$wzJNtuJOHZnR6Ec8Ryr1ou8Sc5TgMWl8LegGPpt23HIQHrPqR334i
            [Status] => 1
            [Created_at] => 2024-09-07 12:05:11
            [Updated_at] => 2024-09-10 11:47:15
            [Deleted_at] => 
        )

    [5] => stdClass Object
        (
            [UserID] => 52
            [Username] => asdsd
            [Password] => $2y$10$Li.flGIGJlqgMzWO/V1BO.isoTjILjCLv3Niz5eSIL6xhh9orJx5q
            [Status] => 1
            [Created_at] => 2024-09-07 14:11:28
            [Updated_at] => 2024-09-10 11:46:56
            [Deleted_at] => 
        )

)

INFO - 2024-09-30 17:28:52 --> Session: Class initialized using 'CodeIgniter\Session\Handlers\FileHandler' driver.
DEBUG - 2024-09-30 17:28:52 --> User Data: Array
(
    [0] => stdClass Object
        (
            [UserID] => 40
            [Username] => ADMIN
            [Password] => $2y$10$jVfIcD3jEZkfXzVbtjGuX.HbA1rH4pm2DYZRn/D.GRPPrG0AxN1D6
            [Status] => 1
            [Created_at] => 2024-08-04 16:45:51
            [Updated_at] => 2024-09-14 19:04:25
            [Deleted_at] => 
        )

    [1] => stdClass Object
        (
            [UserID] => 47
            [Username] => john132a
            [Password] => LhJ67RmKqxxHPJjMcwtk9VJyRGhtNFhhZ1FYbEViK2pRV0M5SVE9PQ==
            [Status] => 1
            [Created_at] => 2024-08-05 08:42:34
            [Updated_at] => 2024-09-10 11:47:04
            [Deleted_at] => 
        )

    [2] => stdClass Object
        (
            [UserID] => 48
            [Username] => KLOG1
            [Password] => $2y$10$YQU7YplkMRZByzMk/.ujA.93/rqWAtAQZSZ9b2/inTWcQ2HWv4Nt6
            [Status] => 1
            [Created_at] => 2024-08-19 04:56:12
            [Updated_at] => 2024-09-14 19:04:33
            [Deleted_at] => 
        )

    [3] => stdClass Object
        (
            [UserID] => 49
            [Username] => ss
            [Password] => $2y$10$//waeizylBeB1l9cTBViOul1/jztUWFisS4YbveiYiIOjjPv/F/aO
            [Status] => 1
            [Created_at] => 2024-09-04 18:23:59
            [Updated_at] => 2024-09-10 11:47:02
            [Deleted_at] => 
        )

    [4] => stdClass Object
        (
            [UserID] => 51
            [Username] => wed
            [Password] => $2y$10$wzJNtuJOHZnR6Ec8Ryr1ou8Sc5TgMWl8LegGPpt23HIQHrPqR334i
            [Status] => 1
            [Created_at] => 2024-09-07 12:05:11
            [Updated_at] => 2024-09-10 11:47:15
            [Deleted_at] => 
        )

    [5] => stdClass Object
        (
            [UserID] => 52
            [Username] => asdsd
            [Password] => $2y$10$Li.flGIGJlqgMzWO/V1BO.isoTjILjCLv3Niz5eSIL6xhh9orJx5q
            [Status] => 1
            [Created_at] => 2024-09-07 14:11:28
            [Updated_at] => 2024-09-10 11:46:56
            [Deleted_at] => 
        )

)

INFO - 2024-09-30 17:28:53 --> Session: Class initialized using 'CodeIgniter\Session\Handlers\FileHandler' driver.
DEBUG - 2024-09-30 17:28:53 --> User Data: Array
(
    [0] => stdClass Object
        (
            [UserID] => 40
            [Username] => ADMIN
            [Password] => $2y$10$jVfIcD3jEZkfXzVbtjGuX.HbA1rH4pm2DYZRn/D.GRPPrG0AxN1D6
            [Status] => 1
            [Created_at] => 2024-08-04 16:45:51
            [Updated_at] => 2024-09-14 19:04:25
            [Deleted_at] => 
        )

    [1] => stdClass Object
        (
            [UserID] => 47
            [Username] => john132a
            [Password] => LhJ67RmKqxxHPJjMcwtk9VJyRGhtNFhhZ1FYbEViK2pRV0M5SVE9PQ==
            [Status] => 1
            [Created_at] => 2024-08-05 08:42:34
            [Updated_at] => 2024-09-10 11:47:04
            [Deleted_at] => 
        )

    [2] => stdClass Object
        (
            [UserID] => 48
            [Username] => KLOG1
            [Password] => $2y$10$YQU7YplkMRZByzMk/.ujA.93/rqWAtAQZSZ9b2/inTWcQ2HWv4Nt6
            [Status] => 1
            [Created_at] => 2024-08-19 04:56:12
            [Updated_at] => 2024-09-14 19:04:33
            [Deleted_at] => 
        )

    [3] => stdClass Object
        (
            [UserID] => 49
            [Username] => ss
            [Password] => $2y$10$//waeizylBeB1l9cTBViOul1/jztUWFisS4YbveiYiIOjjPv/F/aO
            [Status] => 1
            [Created_at] => 2024-09-04 18:23:59
            [Updated_at] => 2024-09-10 11:47:02
            [Deleted_at] => 
        )

    [4] => stdClass Object
        (
            [UserID] => 51
            [Username] => wed
            [Password] => $2y$10$wzJNtuJOHZnR6Ec8Ryr1ou8Sc5TgMWl8LegGPpt23HIQHrPqR334i
            [Status] => 1
            [Created_at] => 2024-09-07 12:05:11
            [Updated_at] => 2024-09-10 11:47:15
            [Deleted_at] => 
        )

    [5] => stdClass Object
        (
            [UserID] => 52
            [Username] => asdsd
            [Password] => $2y$10$Li.flGIGJlqgMzWO/V1BO.isoTjILjCLv3Niz5eSIL6xhh9orJx5q
            [Status] => 1
            [Created_at] => 2024-09-07 14:11:28
            [Updated_at] => 2024-09-10 11:46:56
            [Deleted_at] => 
        )

)

INFO - 2024-09-30 17:29:00 --> Session: Class initialized using 'CodeIgniter\Session\Handlers\FileHandler' driver.
DEBUG - 2024-09-30 17:29:00 --> User Data: Array
(
    [0] => stdClass Object
        (
            [UserID] => 40
            [Username] => ADMIN
            [Password] => $2y$10$jVfIcD3jEZkfXzVbtjGuX.HbA1rH4pm2DYZRn/D.GRPPrG0AxN1D6
            [Status] => 1
            [Created_at] => 2024-08-04 16:45:51
            [Updated_at] => 2024-09-14 19:04:25
            [Deleted_at] => 
        )

    [1] => stdClass Object
        (
            [UserID] => 47
            [Username] => john132a
            [Password] => LhJ67RmKqxxHPJjMcwtk9VJyRGhtNFhhZ1FYbEViK2pRV0M5SVE9PQ==
            [Status] => 1
            [Created_at] => 2024-08-05 08:42:34
            [Updated_at] => 2024-09-10 11:47:04
            [Deleted_at] => 
        )

    [2] => stdClass Object
        (
            [UserID] => 48
            [Username] => KLOG1
            [Password] => $2y$10$YQU7YplkMRZByzMk/.ujA.93/rqWAtAQZSZ9b2/inTWcQ2HWv4Nt6
            [Status] => 1
            [Created_at] => 2024-08-19 04:56:12
            [Updated_at] => 2024-09-14 19:04:33
            [Deleted_at] => 
        )

    [3] => stdClass Object
        (
            [UserID] => 49
            [Username] => ss
            [Password] => $2y$10$//waeizylBeB1l9cTBViOul1/jztUWFisS4YbveiYiIOjjPv/F/aO
            [Status] => 1
            [Created_at] => 2024-09-04 18:23:59
            [Updated_at] => 2024-09-10 11:47:02
            [Deleted_at] => 
        )

    [4] => stdClass Object
        (
            [UserID] => 51
            [Username] => wed
            [Password] => $2y$10$wzJNtuJOHZnR6Ec8Ryr1ou8Sc5TgMWl8LegGPpt23HIQHrPqR334i
            [Status] => 1
            [Created_at] => 2024-09-07 12:05:11
            [Updated_at] => 2024-09-10 11:47:15
            [Deleted_at] => 
        )

    [5] => stdClass Object
        (
            [UserID] => 52
            [Username] => asdsd
            [Password] => $2y$10$Li.flGIGJlqgMzWO/V1BO.isoTjILjCLv3Niz5eSIL6xhh9orJx5q
            [Status] => 1
            [Created_at] => 2024-09-07 14:11:28
            [Updated_at] => 2024-09-10 11:46:56
            [Deleted_at] => 
        )

)

INFO - 2024-09-30 21:23:30 --> Session: Class initialized using 'CodeIgniter\Session\Handlers\FileHandler' driver.
