INFO - 2024-09-17 15:30:11 --> Session: Class initialized using 'CodeIgniter\Session\Handlers\FileHandler' driver.
INFO - 2024-09-17 15:30:15 --> Session: Class initialized using 'CodeIgniter\Session\Handlers\FileHandler' driver.
INFO - 2024-09-17 15:30:15 --> Session: Class initialized using 'CodeIgniter\Session\Handlers\FileHandler' driver.
DEBUG - 2024-09-17 15:30:15 --> User Data: Array
(
    [0] => stdClass Object
        (
            [UserID] => 40
            [Username] => ADMIN
            [Password] => $2y$10$jVfIcD3jEZkfXzVbtjGuX.HbA1rH4pm2DYZRn/D.GRPPrG0AxN1D6
            [Status] => 1
            [Created_at] => 2024-08-04 16:45:51
            [Updated_at] => 2024-09-14 19:04:25
            [Deleted_at] => 
        )

    [1] => stdClass Object
        (
            [UserID] => 47
            [Username] => john132a
            [Password] => LhJ67RmKqxxHPJjMcwtk9VJyRGhtNFhhZ1FYbEViK2pRV0M5SVE9PQ==
            [Status] => 1
            [Created_at] => 2024-08-05 08:42:34
            [Updated_at] => 2024-09-10 11:47:04
            [Deleted_at] => 
        )

    [2] => stdClass Object
        (
            [UserID] => 48
            [Username] => KLOG1
            [Password] => $2y$10$YQU7YplkMRZByzMk/.ujA.93/rqWAtAQZSZ9b2/inTWcQ2HWv4Nt6
            [Status] => 1
            [Created_at] => 2024-08-19 04:56:12
            [Updated_at] => 2024-09-14 19:04:33
            [Deleted_at] => 
        )

    [3] => stdClass Object
        (
            [UserID] => 49
            [Username] => ss
            [Password] => $2y$10$//waeizylBeB1l9cTBViOul1/jztUWFisS4YbveiYiIOjjPv/F/aO
            [Status] => 1
            [Created_at] => 2024-09-04 18:23:59
            [Updated_at] => 2024-09-10 11:47:02
            [Deleted_at] => 
        )

    [4] => stdClass Object
        (
            [UserID] => 51
            [Username] => wed
            [Password] => $2y$10$wzJNtuJOHZnR6Ec8Ryr1ou8Sc5TgMWl8LegGPpt23HIQHrPqR334i
            [Status] => 1
            [Created_at] => 2024-09-07 12:05:11
            [Updated_at] => 2024-09-10 11:47:15
            [Deleted_at] => 
        )

    [5] => stdClass Object
        (
            [UserID] => 52
            [Username] => asdsd
            [Password] => $2y$10$Li.flGIGJlqgMzWO/V1BO.isoTjILjCLv3Niz5eSIL6xhh9orJx5q
            [Status] => 1
            [Created_at] => 2024-09-07 14:11:28
            [Updated_at] => 2024-09-10 11:46:56
            [Deleted_at] => 
        )

)

INFO - 2024-09-17 15:30:18 --> Session: Class initialized using 'CodeIgniter\Session\Handlers\FileHandler' driver.
DEBUG - 2024-09-17 15:30:18 --> User Data: Array
(
    [0] => stdClass Object
        (
            [UserID] => 40
            [Username] => ADMIN
            [Password] => $2y$10$jVfIcD3jEZkfXzVbtjGuX.HbA1rH4pm2DYZRn/D.GRPPrG0AxN1D6
            [Status] => 1
            [Created_at] => 2024-08-04 16:45:51
            [Updated_at] => 2024-09-14 19:04:25
            [Deleted_at] => 
        )

    [1] => stdClass Object
        (
            [UserID] => 47
            [Username] => john132a
            [Password] => LhJ67RmKqxxHPJjMcwtk9VJyRGhtNFhhZ1FYbEViK2pRV0M5SVE9PQ==
            [Status] => 1
            [Created_at] => 2024-08-05 08:42:34
            [Updated_at] => 2024-09-10 11:47:04
            [Deleted_at] => 
        )

    [2] => stdClass Object
        (
            [UserID] => 48
            [Username] => KLOG1
            [Password] => $2y$10$YQU7YplkMRZByzMk/.ujA.93/rqWAtAQZSZ9b2/inTWcQ2HWv4Nt6
            [Status] => 1
            [Created_at] => 2024-08-19 04:56:12
            [Updated_at] => 2024-09-14 19:04:33
            [Deleted_at] => 
        )

    [3] => stdClass Object
        (
            [UserID] => 49
            [Username] => ss
            [Password] => $2y$10$//waeizylBeB1l9cTBViOul1/jztUWFisS4YbveiYiIOjjPv/F/aO
            [Status] => 1
            [Created_at] => 2024-09-04 18:23:59
            [Updated_at] => 2024-09-10 11:47:02
            [Deleted_at] => 
        )

    [4] => stdClass Object
        (
            [UserID] => 51
            [Username] => wed
            [Password] => $2y$10$wzJNtuJOHZnR6Ec8Ryr1ou8Sc5TgMWl8LegGPpt23HIQHrPqR334i
            [Status] => 1
            [Created_at] => 2024-09-07 12:05:11
            [Updated_at] => 2024-09-10 11:47:15
            [Deleted_at] => 
        )

    [5] => stdClass Object
        (
            [UserID] => 52
            [Username] => asdsd
            [Password] => $2y$10$Li.flGIGJlqgMzWO/V1BO.isoTjILjCLv3Niz5eSIL6xhh9orJx5q
            [Status] => 1
            [Created_at] => 2024-09-07 14:11:28
            [Updated_at] => 2024-09-10 11:46:56
            [Deleted_at] => 
        )

)

INFO - 2024-09-17 15:30:20 --> Session: Class initialized using 'CodeIgniter\Session\Handlers\FileHandler' driver.
DEBUG - 2024-09-17 15:30:20 --> User Data: Array
(
    [0] => stdClass Object
        (
            [UserID] => 40
            [Username] => ADMIN
            [Password] => $2y$10$jVfIcD3jEZkfXzVbtjGuX.HbA1rH4pm2DYZRn/D.GRPPrG0AxN1D6
            [Status] => 1
            [Created_at] => 2024-08-04 16:45:51
            [Updated_at] => 2024-09-14 19:04:25
            [Deleted_at] => 
        )

    [1] => stdClass Object
        (
            [UserID] => 47
            [Username] => john132a
            [Password] => LhJ67RmKqxxHPJjMcwtk9VJyRGhtNFhhZ1FYbEViK2pRV0M5SVE9PQ==
            [Status] => 1
            [Created_at] => 2024-08-05 08:42:34
            [Updated_at] => 2024-09-10 11:47:04
            [Deleted_at] => 
        )

    [2] => stdClass Object
        (
            [UserID] => 48
            [Username] => KLOG1
            [Password] => $2y$10$YQU7YplkMRZByzMk/.ujA.93/rqWAtAQZSZ9b2/inTWcQ2HWv4Nt6
            [Status] => 1
            [Created_at] => 2024-08-19 04:56:12
            [Updated_at] => 2024-09-14 19:04:33
            [Deleted_at] => 
        )

    [3] => stdClass Object
        (
            [UserID] => 49
            [Username] => ss
            [Password] => $2y$10$//waeizylBeB1l9cTBViOul1/jztUWFisS4YbveiYiIOjjPv/F/aO
            [Status] => 1
            [Created_at] => 2024-09-04 18:23:59
            [Updated_at] => 2024-09-10 11:47:02
            [Deleted_at] => 
        )

    [4] => stdClass Object
        (
            [UserID] => 51
            [Username] => wed
            [Password] => $2y$10$wzJNtuJOHZnR6Ec8Ryr1ou8Sc5TgMWl8LegGPpt23HIQHrPqR334i
            [Status] => 1
            [Created_at] => 2024-09-07 12:05:11
            [Updated_at] => 2024-09-10 11:47:15
            [Deleted_at] => 
        )

    [5] => stdClass Object
        (
            [UserID] => 52
            [Username] => asdsd
            [Password] => $2y$10$Li.flGIGJlqgMzWO/V1BO.isoTjILjCLv3Niz5eSIL6xhh9orJx5q
            [Status] => 1
            [Created_at] => 2024-09-07 14:11:28
            [Updated_at] => 2024-09-10 11:46:56
            [Deleted_at] => 
        )

)

INFO - 2024-09-17 15:30:21 --> Session: Class initialized using 'CodeIgniter\Session\Handlers\FileHandler' driver.
DEBUG - 2024-09-17 15:30:21 --> User Data: Array
(
    [0] => stdClass Object
        (
            [UserID] => 40
            [Username] => ADMIN
            [Password] => $2y$10$jVfIcD3jEZkfXzVbtjGuX.HbA1rH4pm2DYZRn/D.GRPPrG0AxN1D6
            [Status] => 1
            [Created_at] => 2024-08-04 16:45:51
            [Updated_at] => 2024-09-14 19:04:25
            [Deleted_at] => 
        )

    [1] => stdClass Object
        (
            [UserID] => 47
            [Username] => john132a
            [Password] => LhJ67RmKqxxHPJjMcwtk9VJyRGhtNFhhZ1FYbEViK2pRV0M5SVE9PQ==
            [Status] => 1
            [Created_at] => 2024-08-05 08:42:34
            [Updated_at] => 2024-09-10 11:47:04
            [Deleted_at] => 
        )

    [2] => stdClass Object
        (
            [UserID] => 48
            [Username] => KLOG1
            [Password] => $2y$10$YQU7YplkMRZByzMk/.ujA.93/rqWAtAQZSZ9b2/inTWcQ2HWv4Nt6
            [Status] => 1
            [Created_at] => 2024-08-19 04:56:12
            [Updated_at] => 2024-09-14 19:04:33
            [Deleted_at] => 
        )

    [3] => stdClass Object
        (
            [UserID] => 49
            [Username] => ss
            [Password] => $2y$10$//waeizylBeB1l9cTBViOul1/jztUWFisS4YbveiYiIOjjPv/F/aO
            [Status] => 1
            [Created_at] => 2024-09-04 18:23:59
            [Updated_at] => 2024-09-10 11:47:02
            [Deleted_at] => 
        )

    [4] => stdClass Object
        (
            [UserID] => 51
            [Username] => wed
            [Password] => $2y$10$wzJNtuJOHZnR6Ec8Ryr1ou8Sc5TgMWl8LegGPpt23HIQHrPqR334i
            [Status] => 1
            [Created_at] => 2024-09-07 12:05:11
            [Updated_at] => 2024-09-10 11:47:15
            [Deleted_at] => 
        )

    [5] => stdClass Object
        (
            [UserID] => 52
            [Username] => asdsd
            [Password] => $2y$10$Li.flGIGJlqgMzWO/V1BO.isoTjILjCLv3Niz5eSIL6xhh9orJx5q
            [Status] => 1
            [Created_at] => 2024-09-07 14:11:28
            [Updated_at] => 2024-09-10 11:46:56
            [Deleted_at] => 
        )

)

INFO - 2024-09-17 15:31:09 --> Session: Class initialized using 'CodeIgniter\Session\Handlers\FileHandler' driver.
DEBUG - 2024-09-17 15:31:09 --> User Data: Array
(
    [0] => stdClass Object
        (
            [UserID] => 40
            [Username] => ADMIN
            [Password] => $2y$10$jVfIcD3jEZkfXzVbtjGuX.HbA1rH4pm2DYZRn/D.GRPPrG0AxN1D6
            [Status] => 1
            [Created_at] => 2024-08-04 16:45:51
            [Updated_at] => 2024-09-14 19:04:25
            [Deleted_at] => 
        )

    [1] => stdClass Object
        (
            [UserID] => 47
            [Username] => john132a
            [Password] => LhJ67RmKqxxHPJjMcwtk9VJyRGhtNFhhZ1FYbEViK2pRV0M5SVE9PQ==
            [Status] => 1
            [Created_at] => 2024-08-05 08:42:34
            [Updated_at] => 2024-09-10 11:47:04
            [Deleted_at] => 
        )

    [2] => stdClass Object
        (
            [UserID] => 48
            [Username] => KLOG1
            [Password] => $2y$10$YQU7YplkMRZByzMk/.ujA.93/rqWAtAQZSZ9b2/inTWcQ2HWv4Nt6
            [Status] => 1
            [Created_at] => 2024-08-19 04:56:12
            [Updated_at] => 2024-09-14 19:04:33
            [Deleted_at] => 
        )

    [3] => stdClass Object
        (
            [UserID] => 49
            [Username] => ss
            [Password] => $2y$10$//waeizylBeB1l9cTBViOul1/jztUWFisS4YbveiYiIOjjPv/F/aO
            [Status] => 1
            [Created_at] => 2024-09-04 18:23:59
            [Updated_at] => 2024-09-10 11:47:02
            [Deleted_at] => 
        )

    [4] => stdClass Object
        (
            [UserID] => 51
            [Username] => wed
            [Password] => $2y$10$wzJNtuJOHZnR6Ec8Ryr1ou8Sc5TgMWl8LegGPpt23HIQHrPqR334i
            [Status] => 1
            [Created_at] => 2024-09-07 12:05:11
            [Updated_at] => 2024-09-10 11:47:15
            [Deleted_at] => 
        )

    [5] => stdClass Object
        (
            [UserID] => 52
            [Username] => asdsd
            [Password] => $2y$10$Li.flGIGJlqgMzWO/V1BO.isoTjILjCLv3Niz5eSIL6xhh9orJx5q
            [Status] => 1
            [Created_at] => 2024-09-07 14:11:28
            [Updated_at] => 2024-09-10 11:46:56
            [Deleted_at] => 
        )

)

INFO - 2024-09-17 15:31:10 --> Session: Class initialized using 'CodeIgniter\Session\Handlers\FileHandler' driver.
DEBUG - 2024-09-17 15:31:10 --> User Data: Array
(
    [0] => stdClass Object
        (
            [UserID] => 40
            [Username] => ADMIN
            [Password] => $2y$10$jVfIcD3jEZkfXzVbtjGuX.HbA1rH4pm2DYZRn/D.GRPPrG0AxN1D6
            [Status] => 1
            [Created_at] => 2024-08-04 16:45:51
            [Updated_at] => 2024-09-14 19:04:25
            [Deleted_at] => 
        )

    [1] => stdClass Object
        (
            [UserID] => 47
            [Username] => john132a
            [Password] => LhJ67RmKqxxHPJjMcwtk9VJyRGhtNFhhZ1FYbEViK2pRV0M5SVE9PQ==
            [Status] => 1
            [Created_at] => 2024-08-05 08:42:34
            [Updated_at] => 2024-09-10 11:47:04
            [Deleted_at] => 
        )

    [2] => stdClass Object
        (
            [UserID] => 48
            [Username] => KLOG1
            [Password] => $2y$10$YQU7YplkMRZByzMk/.ujA.93/rqWAtAQZSZ9b2/inTWcQ2HWv4Nt6
            [Status] => 1
            [Created_at] => 2024-08-19 04:56:12
            [Updated_at] => 2024-09-14 19:04:33
            [Deleted_at] => 
        )

    [3] => stdClass Object
        (
            [UserID] => 49
            [Username] => ss
            [Password] => $2y$10$//waeizylBeB1l9cTBViOul1/jztUWFisS4YbveiYiIOjjPv/F/aO
            [Status] => 1
            [Created_at] => 2024-09-04 18:23:59
            [Updated_at] => 2024-09-10 11:47:02
            [Deleted_at] => 
        )

    [4] => stdClass Object
        (
            [UserID] => 51
            [Username] => wed
            [Password] => $2y$10$wzJNtuJOHZnR6Ec8Ryr1ou8Sc5TgMWl8LegGPpt23HIQHrPqR334i
            [Status] => 1
            [Created_at] => 2024-09-07 12:05:11
            [Updated_at] => 2024-09-10 11:47:15
            [Deleted_at] => 
        )

    [5] => stdClass Object
        (
            [UserID] => 52
            [Username] => asdsd
            [Password] => $2y$10$Li.flGIGJlqgMzWO/V1BO.isoTjILjCLv3Niz5eSIL6xhh9orJx5q
            [Status] => 1
            [Created_at] => 2024-09-07 14:11:28
            [Updated_at] => 2024-09-10 11:46:56
            [Deleted_at] => 
        )

)

INFO - 2024-09-17 15:34:18 --> Session: Class initialized using 'CodeIgniter\Session\Handlers\FileHandler' driver.
DEBUG - 2024-09-17 15:34:18 --> User Data: Array
(
    [0] => stdClass Object
        (
            [UserID] => 40
            [Username] => ADMIN
            [Password] => $2y$10$jVfIcD3jEZkfXzVbtjGuX.HbA1rH4pm2DYZRn/D.GRPPrG0AxN1D6
            [Status] => 1
            [Created_at] => 2024-08-04 16:45:51
            [Updated_at] => 2024-09-14 19:04:25
            [Deleted_at] => 
        )

    [1] => stdClass Object
        (
            [UserID] => 47
            [Username] => john132a
            [Password] => LhJ67RmKqxxHPJjMcwtk9VJyRGhtNFhhZ1FYbEViK2pRV0M5SVE9PQ==
            [Status] => 1
            [Created_at] => 2024-08-05 08:42:34
            [Updated_at] => 2024-09-10 11:47:04
            [Deleted_at] => 
        )

    [2] => stdClass Object
        (
            [UserID] => 48
            [Username] => KLOG1
            [Password] => $2y$10$YQU7YplkMRZByzMk/.ujA.93/rqWAtAQZSZ9b2/inTWcQ2HWv4Nt6
            [Status] => 1
            [Created_at] => 2024-08-19 04:56:12
            [Updated_at] => 2024-09-14 19:04:33
            [Deleted_at] => 
        )

    [3] => stdClass Object
        (
            [UserID] => 49
            [Username] => ss
            [Password] => $2y$10$//waeizylBeB1l9cTBViOul1/jztUWFisS4YbveiYiIOjjPv/F/aO
            [Status] => 1
            [Created_at] => 2024-09-04 18:23:59
            [Updated_at] => 2024-09-10 11:47:02
            [Deleted_at] => 
        )

    [4] => stdClass Object
        (
            [UserID] => 51
            [Username] => wed
            [Password] => $2y$10$wzJNtuJOHZnR6Ec8Ryr1ou8Sc5TgMWl8LegGPpt23HIQHrPqR334i
            [Status] => 1
            [Created_at] => 2024-09-07 12:05:11
            [Updated_at] => 2024-09-10 11:47:15
            [Deleted_at] => 
        )

    [5] => stdClass Object
        (
            [UserID] => 52
            [Username] => asdsd
            [Password] => $2y$10$Li.flGIGJlqgMzWO/V1BO.isoTjILjCLv3Niz5eSIL6xhh9orJx5q
            [Status] => 1
            [Created_at] => 2024-09-07 14:11:28
            [Updated_at] => 2024-09-10 11:46:56
            [Deleted_at] => 
        )

)

INFO - 2024-09-17 15:34:18 --> Session: Class initialized using 'CodeIgniter\Session\Handlers\FileHandler' driver.
DEBUG - 2024-09-17 15:34:18 --> User Data: Array
(
    [0] => stdClass Object
        (
            [UserID] => 40
            [Username] => ADMIN
            [Password] => $2y$10$jVfIcD3jEZkfXzVbtjGuX.HbA1rH4pm2DYZRn/D.GRPPrG0AxN1D6
            [Status] => 1
            [Created_at] => 2024-08-04 16:45:51
            [Updated_at] => 2024-09-14 19:04:25
            [Deleted_at] => 
        )

    [1] => stdClass Object
        (
            [UserID] => 47
            [Username] => john132a
            [Password] => LhJ67RmKqxxHPJjMcwtk9VJyRGhtNFhhZ1FYbEViK2pRV0M5SVE9PQ==
            [Status] => 1
            [Created_at] => 2024-08-05 08:42:34
            [Updated_at] => 2024-09-10 11:47:04
            [Deleted_at] => 
        )

    [2] => stdClass Object
        (
            [UserID] => 48
            [Username] => KLOG1
            [Password] => $2y$10$YQU7YplkMRZByzMk/.ujA.93/rqWAtAQZSZ9b2/inTWcQ2HWv4Nt6
            [Status] => 1
            [Created_at] => 2024-08-19 04:56:12
            [Updated_at] => 2024-09-14 19:04:33
            [Deleted_at] => 
        )

    [3] => stdClass Object
        (
            [UserID] => 49
            [Username] => ss
            [Password] => $2y$10$//waeizylBeB1l9cTBViOul1/jztUWFisS4YbveiYiIOjjPv/F/aO
            [Status] => 1
            [Created_at] => 2024-09-04 18:23:59
            [Updated_at] => 2024-09-10 11:47:02
            [Deleted_at] => 
        )

    [4] => stdClass Object
        (
            [UserID] => 51
            [Username] => wed
            [Password] => $2y$10$wzJNtuJOHZnR6Ec8Ryr1ou8Sc5TgMWl8LegGPpt23HIQHrPqR334i
            [Status] => 1
            [Created_at] => 2024-09-07 12:05:11
            [Updated_at] => 2024-09-10 11:47:15
            [Deleted_at] => 
        )

    [5] => stdClass Object
        (
            [UserID] => 52
            [Username] => asdsd
            [Password] => $2y$10$Li.flGIGJlqgMzWO/V1BO.isoTjILjCLv3Niz5eSIL6xhh9orJx5q
            [Status] => 1
            [Created_at] => 2024-09-07 14:11:28
            [Updated_at] => 2024-09-10 11:46:56
            [Deleted_at] => 
        )

)

INFO - 2024-09-17 15:35:59 --> Session: Class initialized using 'CodeIgniter\Session\Handlers\FileHandler' driver.
DEBUG - 2024-09-17 15:35:59 --> User Data: Array
(
    [0] => stdClass Object
        (
            [UserID] => 40
            [Username] => ADMIN
            [Password] => $2y$10$jVfIcD3jEZkfXzVbtjGuX.HbA1rH4pm2DYZRn/D.GRPPrG0AxN1D6
            [Status] => 1
            [Created_at] => 2024-08-04 16:45:51
            [Updated_at] => 2024-09-14 19:04:25
            [Deleted_at] => 
        )

    [1] => stdClass Object
        (
            [UserID] => 47
            [Username] => john132a
            [Password] => LhJ67RmKqxxHPJjMcwtk9VJyRGhtNFhhZ1FYbEViK2pRV0M5SVE9PQ==
            [Status] => 1
            [Created_at] => 2024-08-05 08:42:34
            [Updated_at] => 2024-09-10 11:47:04
            [Deleted_at] => 
        )

    [2] => stdClass Object
        (
            [UserID] => 48
            [Username] => KLOG1
            [Password] => $2y$10$YQU7YplkMRZByzMk/.ujA.93/rqWAtAQZSZ9b2/inTWcQ2HWv4Nt6
            [Status] => 1
            [Created_at] => 2024-08-19 04:56:12
            [Updated_at] => 2024-09-14 19:04:33
            [Deleted_at] => 
        )

    [3] => stdClass Object
        (
            [UserID] => 49
            [Username] => ss
            [Password] => $2y$10$//waeizylBeB1l9cTBViOul1/jztUWFisS4YbveiYiIOjjPv/F/aO
            [Status] => 1
            [Created_at] => 2024-09-04 18:23:59
            [Updated_at] => 2024-09-10 11:47:02
            [Deleted_at] => 
        )

    [4] => stdClass Object
        (
            [UserID] => 51
            [Username] => wed
            [Password] => $2y$10$wzJNtuJOHZnR6Ec8Ryr1ou8Sc5TgMWl8LegGPpt23HIQHrPqR334i
            [Status] => 1
            [Created_at] => 2024-09-07 12:05:11
            [Updated_at] => 2024-09-10 11:47:15
            [Deleted_at] => 
        )

    [5] => stdClass Object
        (
            [UserID] => 52
            [Username] => asdsd
            [Password] => $2y$10$Li.flGIGJlqgMzWO/V1BO.isoTjILjCLv3Niz5eSIL6xhh9orJx5q
            [Status] => 1
            [Created_at] => 2024-09-07 14:11:28
            [Updated_at] => 2024-09-10 11:46:56
            [Deleted_at] => 
        )

)

INFO - 2024-09-17 15:36:00 --> Session: Class initialized using 'CodeIgniter\Session\Handlers\FileHandler' driver.
DEBUG - 2024-09-17 15:36:00 --> User Data: Array
(
    [0] => stdClass Object
        (
            [UserID] => 40
            [Username] => ADMIN
            [Password] => $2y$10$jVfIcD3jEZkfXzVbtjGuX.HbA1rH4pm2DYZRn/D.GRPPrG0AxN1D6
            [Status] => 1
            [Created_at] => 2024-08-04 16:45:51
            [Updated_at] => 2024-09-14 19:04:25
            [Deleted_at] => 
        )

    [1] => stdClass Object
        (
            [UserID] => 47
            [Username] => john132a
            [Password] => LhJ67RmKqxxHPJjMcwtk9VJyRGhtNFhhZ1FYbEViK2pRV0M5SVE9PQ==
            [Status] => 1
            [Created_at] => 2024-08-05 08:42:34
            [Updated_at] => 2024-09-10 11:47:04
            [Deleted_at] => 
        )

    [2] => stdClass Object
        (
            [UserID] => 48
            [Username] => KLOG1
            [Password] => $2y$10$YQU7YplkMRZByzMk/.ujA.93/rqWAtAQZSZ9b2/inTWcQ2HWv4Nt6
            [Status] => 1
            [Created_at] => 2024-08-19 04:56:12
            [Updated_at] => 2024-09-14 19:04:33
            [Deleted_at] => 
        )

    [3] => stdClass Object
        (
            [UserID] => 49
            [Username] => ss
            [Password] => $2y$10$//waeizylBeB1l9cTBViOul1/jztUWFisS4YbveiYiIOjjPv/F/aO
            [Status] => 1
            [Created_at] => 2024-09-04 18:23:59
            [Updated_at] => 2024-09-10 11:47:02
            [Deleted_at] => 
        )

    [4] => stdClass Object
        (
            [UserID] => 51
            [Username] => wed
            [Password] => $2y$10$wzJNtuJOHZnR6Ec8Ryr1ou8Sc5TgMWl8LegGPpt23HIQHrPqR334i
            [Status] => 1
            [Created_at] => 2024-09-07 12:05:11
            [Updated_at] => 2024-09-10 11:47:15
            [Deleted_at] => 
        )

    [5] => stdClass Object
        (
            [UserID] => 52
            [Username] => asdsd
            [Password] => $2y$10$Li.flGIGJlqgMzWO/V1BO.isoTjILjCLv3Niz5eSIL6xhh9orJx5q
            [Status] => 1
            [Created_at] => 2024-09-07 14:11:28
            [Updated_at] => 2024-09-10 11:46:56
            [Deleted_at] => 
        )

)

INFO - 2024-09-17 15:36:30 --> Session: Class initialized using 'CodeIgniter\Session\Handlers\FileHandler' driver.
DEBUG - 2024-09-17 15:36:30 --> User Data: Array
(
    [0] => stdClass Object
        (
            [UserID] => 40
            [Username] => ADMIN
            [Password] => $2y$10$jVfIcD3jEZkfXzVbtjGuX.HbA1rH4pm2DYZRn/D.GRPPrG0AxN1D6
            [Status] => 1
            [Created_at] => 2024-08-04 16:45:51
            [Updated_at] => 2024-09-14 19:04:25
            [Deleted_at] => 
        )

    [1] => stdClass Object
        (
            [UserID] => 47
            [Username] => john132a
            [Password] => LhJ67RmKqxxHPJjMcwtk9VJyRGhtNFhhZ1FYbEViK2pRV0M5SVE9PQ==
            [Status] => 1
            [Created_at] => 2024-08-05 08:42:34
            [Updated_at] => 2024-09-10 11:47:04
            [Deleted_at] => 
        )

    [2] => stdClass Object
        (
            [UserID] => 48
            [Username] => KLOG1
            [Password] => $2y$10$YQU7YplkMRZByzMk/.ujA.93/rqWAtAQZSZ9b2/inTWcQ2HWv4Nt6
            [Status] => 1
            [Created_at] => 2024-08-19 04:56:12
            [Updated_at] => 2024-09-14 19:04:33
            [Deleted_at] => 
        )

    [3] => stdClass Object
        (
            [UserID] => 49
            [Username] => ss
            [Password] => $2y$10$//waeizylBeB1l9cTBViOul1/jztUWFisS4YbveiYiIOjjPv/F/aO
            [Status] => 1
            [Created_at] => 2024-09-04 18:23:59
            [Updated_at] => 2024-09-10 11:47:02
            [Deleted_at] => 
        )

    [4] => stdClass Object
        (
            [UserID] => 51
            [Username] => wed
            [Password] => $2y$10$wzJNtuJOHZnR6Ec8Ryr1ou8Sc5TgMWl8LegGPpt23HIQHrPqR334i
            [Status] => 1
            [Created_at] => 2024-09-07 12:05:11
            [Updated_at] => 2024-09-10 11:47:15
            [Deleted_at] => 
        )

    [5] => stdClass Object
        (
            [UserID] => 52
            [Username] => asdsd
            [Password] => $2y$10$Li.flGIGJlqgMzWO/V1BO.isoTjILjCLv3Niz5eSIL6xhh9orJx5q
            [Status] => 1
            [Created_at] => 2024-09-07 14:11:28
            [Updated_at] => 2024-09-10 11:46:56
            [Deleted_at] => 
        )

)

INFO - 2024-09-17 15:36:30 --> Session: Class initialized using 'CodeIgniter\Session\Handlers\FileHandler' driver.
DEBUG - 2024-09-17 15:36:30 --> User Data: Array
(
    [0] => stdClass Object
        (
            [UserID] => 40
            [Username] => ADMIN
            [Password] => $2y$10$jVfIcD3jEZkfXzVbtjGuX.HbA1rH4pm2DYZRn/D.GRPPrG0AxN1D6
            [Status] => 1
            [Created_at] => 2024-08-04 16:45:51
            [Updated_at] => 2024-09-14 19:04:25
            [Deleted_at] => 
        )

    [1] => stdClass Object
        (
            [UserID] => 47
            [Username] => john132a
            [Password] => LhJ67RmKqxxHPJjMcwtk9VJyRGhtNFhhZ1FYbEViK2pRV0M5SVE9PQ==
            [Status] => 1
            [Created_at] => 2024-08-05 08:42:34
            [Updated_at] => 2024-09-10 11:47:04
            [Deleted_at] => 
        )

    [2] => stdClass Object
        (
            [UserID] => 48
            [Username] => KLOG1
            [Password] => $2y$10$YQU7YplkMRZByzMk/.ujA.93/rqWAtAQZSZ9b2/inTWcQ2HWv4Nt6
            [Status] => 1
            [Created_at] => 2024-08-19 04:56:12
            [Updated_at] => 2024-09-14 19:04:33
            [Deleted_at] => 
        )

    [3] => stdClass Object
        (
            [UserID] => 49
            [Username] => ss
            [Password] => $2y$10$//waeizylBeB1l9cTBViOul1/jztUWFisS4YbveiYiIOjjPv/F/aO
            [Status] => 1
            [Created_at] => 2024-09-04 18:23:59
            [Updated_at] => 2024-09-10 11:47:02
            [Deleted_at] => 
        )

    [4] => stdClass Object
        (
            [UserID] => 51
            [Username] => wed
            [Password] => $2y$10$wzJNtuJOHZnR6Ec8Ryr1ou8Sc5TgMWl8LegGPpt23HIQHrPqR334i
            [Status] => 1
            [Created_at] => 2024-09-07 12:05:11
            [Updated_at] => 2024-09-10 11:47:15
            [Deleted_at] => 
        )

    [5] => stdClass Object
        (
            [UserID] => 52
            [Username] => asdsd
            [Password] => $2y$10$Li.flGIGJlqgMzWO/V1BO.isoTjILjCLv3Niz5eSIL6xhh9orJx5q
            [Status] => 1
            [Created_at] => 2024-09-07 14:11:28
            [Updated_at] => 2024-09-10 11:46:56
            [Deleted_at] => 
        )

)

INFO - 2024-09-17 15:37:56 --> Session: Class initialized using 'CodeIgniter\Session\Handlers\FileHandler' driver.
DEBUG - 2024-09-17 15:37:56 --> User Data: Array
(
    [0] => stdClass Object
        (
            [UserID] => 40
            [Username] => ADMIN
            [Password] => $2y$10$jVfIcD3jEZkfXzVbtjGuX.HbA1rH4pm2DYZRn/D.GRPPrG0AxN1D6
            [Status] => 1
            [Created_at] => 2024-08-04 16:45:51
            [Updated_at] => 2024-09-14 19:04:25
            [Deleted_at] => 
        )

    [1] => stdClass Object
        (
            [UserID] => 47
            [Username] => john132a
            [Password] => LhJ67RmKqxxHPJjMcwtk9VJyRGhtNFhhZ1FYbEViK2pRV0M5SVE9PQ==
            [Status] => 1
            [Created_at] => 2024-08-05 08:42:34
            [Updated_at] => 2024-09-10 11:47:04
            [Deleted_at] => 
        )

    [2] => stdClass Object
        (
            [UserID] => 48
            [Username] => KLOG1
            [Password] => $2y$10$YQU7YplkMRZByzMk/.ujA.93/rqWAtAQZSZ9b2/inTWcQ2HWv4Nt6
            [Status] => 1
            [Created_at] => 2024-08-19 04:56:12
            [Updated_at] => 2024-09-14 19:04:33
            [Deleted_at] => 
        )

    [3] => stdClass Object
        (
            [UserID] => 49
            [Username] => ss
            [Password] => $2y$10$//waeizylBeB1l9cTBViOul1/jztUWFisS4YbveiYiIOjjPv/F/aO
            [Status] => 1
            [Created_at] => 2024-09-04 18:23:59
            [Updated_at] => 2024-09-10 11:47:02
            [Deleted_at] => 
        )

    [4] => stdClass Object
        (
            [UserID] => 51
            [Username] => wed
            [Password] => $2y$10$wzJNtuJOHZnR6Ec8Ryr1ou8Sc5TgMWl8LegGPpt23HIQHrPqR334i
            [Status] => 1
            [Created_at] => 2024-09-07 12:05:11
            [Updated_at] => 2024-09-10 11:47:15
            [Deleted_at] => 
        )

    [5] => stdClass Object
        (
            [UserID] => 52
            [Username] => asdsd
            [Password] => $2y$10$Li.flGIGJlqgMzWO/V1BO.isoTjILjCLv3Niz5eSIL6xhh9orJx5q
            [Status] => 1
            [Created_at] => 2024-09-07 14:11:28
            [Updated_at] => 2024-09-10 11:46:56
            [Deleted_at] => 
        )

)

INFO - 2024-09-17 15:37:56 --> Session: Class initialized using 'CodeIgniter\Session\Handlers\FileHandler' driver.
DEBUG - 2024-09-17 15:37:56 --> User Data: Array
(
    [0] => stdClass Object
        (
            [UserID] => 40
            [Username] => ADMIN
            [Password] => $2y$10$jVfIcD3jEZkfXzVbtjGuX.HbA1rH4pm2DYZRn/D.GRPPrG0AxN1D6
            [Status] => 1
            [Created_at] => 2024-08-04 16:45:51
            [Updated_at] => 2024-09-14 19:04:25
            [Deleted_at] => 
        )

    [1] => stdClass Object
        (
            [UserID] => 47
            [Username] => john132a
            [Password] => LhJ67RmKqxxHPJjMcwtk9VJyRGhtNFhhZ1FYbEViK2pRV0M5SVE9PQ==
            [Status] => 1
            [Created_at] => 2024-08-05 08:42:34
            [Updated_at] => 2024-09-10 11:47:04
            [Deleted_at] => 
        )

    [2] => stdClass Object
        (
            [UserID] => 48
            [Username] => KLOG1
            [Password] => $2y$10$YQU7YplkMRZByzMk/.ujA.93/rqWAtAQZSZ9b2/inTWcQ2HWv4Nt6
            [Status] => 1
            [Created_at] => 2024-08-19 04:56:12
            [Updated_at] => 2024-09-14 19:04:33
            [Deleted_at] => 
        )

    [3] => stdClass Object
        (
            [UserID] => 49
            [Username] => ss
            [Password] => $2y$10$//waeizylBeB1l9cTBViOul1/jztUWFisS4YbveiYiIOjjPv/F/aO
            [Status] => 1
            [Created_at] => 2024-09-04 18:23:59
            [Updated_at] => 2024-09-10 11:47:02
            [Deleted_at] => 
        )

    [4] => stdClass Object
        (
            [UserID] => 51
            [Username] => wed
            [Password] => $2y$10$wzJNtuJOHZnR6Ec8Ryr1ou8Sc5TgMWl8LegGPpt23HIQHrPqR334i
            [Status] => 1
            [Created_at] => 2024-09-07 12:05:11
            [Updated_at] => 2024-09-10 11:47:15
            [Deleted_at] => 
        )

    [5] => stdClass Object
        (
            [UserID] => 52
            [Username] => asdsd
            [Password] => $2y$10$Li.flGIGJlqgMzWO/V1BO.isoTjILjCLv3Niz5eSIL6xhh9orJx5q
            [Status] => 1
            [Created_at] => 2024-09-07 14:11:28
            [Updated_at] => 2024-09-10 11:46:56
            [Deleted_at] => 
        )

)

INFO - 2024-09-17 15:39:27 --> Session: Class initialized using 'CodeIgniter\Session\Handlers\FileHandler' driver.
DEBUG - 2024-09-17 15:39:27 --> User Data: Array
(
    [0] => stdClass Object
        (
            [UserID] => 40
            [Username] => ADMIN
            [Password] => $2y$10$jVfIcD3jEZkfXzVbtjGuX.HbA1rH4pm2DYZRn/D.GRPPrG0AxN1D6
            [Status] => 1
            [Created_at] => 2024-08-04 16:45:51
            [Updated_at] => 2024-09-14 19:04:25
            [Deleted_at] => 
        )

    [1] => stdClass Object
        (
            [UserID] => 47
            [Username] => john132a
            [Password] => LhJ67RmKqxxHPJjMcwtk9VJyRGhtNFhhZ1FYbEViK2pRV0M5SVE9PQ==
            [Status] => 1
            [Created_at] => 2024-08-05 08:42:34
            [Updated_at] => 2024-09-10 11:47:04
            [Deleted_at] => 
        )

    [2] => stdClass Object
        (
            [UserID] => 48
            [Username] => KLOG1
            [Password] => $2y$10$YQU7YplkMRZByzMk/.ujA.93/rqWAtAQZSZ9b2/inTWcQ2HWv4Nt6
            [Status] => 1
            [Created_at] => 2024-08-19 04:56:12
            [Updated_at] => 2024-09-14 19:04:33
            [Deleted_at] => 
        )

    [3] => stdClass Object
        (
            [UserID] => 49
            [Username] => ss
            [Password] => $2y$10$//waeizylBeB1l9cTBViOul1/jztUWFisS4YbveiYiIOjjPv/F/aO
            [Status] => 1
            [Created_at] => 2024-09-04 18:23:59
            [Updated_at] => 2024-09-10 11:47:02
            [Deleted_at] => 
        )

    [4] => stdClass Object
        (
            [UserID] => 51
            [Username] => wed
            [Password] => $2y$10$wzJNtuJOHZnR6Ec8Ryr1ou8Sc5TgMWl8LegGPpt23HIQHrPqR334i
            [Status] => 1
            [Created_at] => 2024-09-07 12:05:11
            [Updated_at] => 2024-09-10 11:47:15
            [Deleted_at] => 
        )

    [5] => stdClass Object
        (
            [UserID] => 52
            [Username] => asdsd
            [Password] => $2y$10$Li.flGIGJlqgMzWO/V1BO.isoTjILjCLv3Niz5eSIL6xhh9orJx5q
            [Status] => 1
            [Created_at] => 2024-09-07 14:11:28
            [Updated_at] => 2024-09-10 11:46:56
            [Deleted_at] => 
        )

)

INFO - 2024-09-17 15:39:27 --> Session: Class initialized using 'CodeIgniter\Session\Handlers\FileHandler' driver.
DEBUG - 2024-09-17 15:39:27 --> User Data: Array
(
    [0] => stdClass Object
        (
            [UserID] => 40
            [Username] => ADMIN
            [Password] => $2y$10$jVfIcD3jEZkfXzVbtjGuX.HbA1rH4pm2DYZRn/D.GRPPrG0AxN1D6
            [Status] => 1
            [Created_at] => 2024-08-04 16:45:51
            [Updated_at] => 2024-09-14 19:04:25
            [Deleted_at] => 
        )

    [1] => stdClass Object
        (
            [UserID] => 47
            [Username] => john132a
            [Password] => LhJ67RmKqxxHPJjMcwtk9VJyRGhtNFhhZ1FYbEViK2pRV0M5SVE9PQ==
            [Status] => 1
            [Created_at] => 2024-08-05 08:42:34
            [Updated_at] => 2024-09-10 11:47:04
            [Deleted_at] => 
        )

    [2] => stdClass Object
        (
            [UserID] => 48
            [Username] => KLOG1
            [Password] => $2y$10$YQU7YplkMRZByzMk/.ujA.93/rqWAtAQZSZ9b2/inTWcQ2HWv4Nt6
            [Status] => 1
            [Created_at] => 2024-08-19 04:56:12
            [Updated_at] => 2024-09-14 19:04:33
            [Deleted_at] => 
        )

    [3] => stdClass Object
        (
            [UserID] => 49
            [Username] => ss
            [Password] => $2y$10$//waeizylBeB1l9cTBViOul1/jztUWFisS4YbveiYiIOjjPv/F/aO
            [Status] => 1
            [Created_at] => 2024-09-04 18:23:59
            [Updated_at] => 2024-09-10 11:47:02
            [Deleted_at] => 
        )

    [4] => stdClass Object
        (
            [UserID] => 51
            [Username] => wed
            [Password] => $2y$10$wzJNtuJOHZnR6Ec8Ryr1ou8Sc5TgMWl8LegGPpt23HIQHrPqR334i
            [Status] => 1
            [Created_at] => 2024-09-07 12:05:11
            [Updated_at] => 2024-09-10 11:47:15
            [Deleted_at] => 
        )

    [5] => stdClass Object
        (
            [UserID] => 52
            [Username] => asdsd
            [Password] => $2y$10$Li.flGIGJlqgMzWO/V1BO.isoTjILjCLv3Niz5eSIL6xhh9orJx5q
            [Status] => 1
            [Created_at] => 2024-09-07 14:11:28
            [Updated_at] => 2024-09-10 11:46:56
            [Deleted_at] => 
        )

)

INFO - 2024-09-17 15:40:09 --> Session: Class initialized using 'CodeIgniter\Session\Handlers\FileHandler' driver.
DEBUG - 2024-09-17 15:40:09 --> User Data: Array
(
    [0] => stdClass Object
        (
            [UserID] => 40
            [Username] => ADMIN
            [Password] => $2y$10$jVfIcD3jEZkfXzVbtjGuX.HbA1rH4pm2DYZRn/D.GRPPrG0AxN1D6
            [Status] => 1
            [Created_at] => 2024-08-04 16:45:51
            [Updated_at] => 2024-09-14 19:04:25
            [Deleted_at] => 
        )

    [1] => stdClass Object
        (
            [UserID] => 47
            [Username] => john132a
            [Password] => LhJ67RmKqxxHPJjMcwtk9VJyRGhtNFhhZ1FYbEViK2pRV0M5SVE9PQ==
            [Status] => 1
            [Created_at] => 2024-08-05 08:42:34
            [Updated_at] => 2024-09-10 11:47:04
            [Deleted_at] => 
        )

    [2] => stdClass Object
        (
            [UserID] => 48
            [Username] => KLOG1
            [Password] => $2y$10$YQU7YplkMRZByzMk/.ujA.93/rqWAtAQZSZ9b2/inTWcQ2HWv4Nt6
            [Status] => 1
            [Created_at] => 2024-08-19 04:56:12
            [Updated_at] => 2024-09-14 19:04:33
            [Deleted_at] => 
        )

    [3] => stdClass Object
        (
            [UserID] => 49
            [Username] => ss
            [Password] => $2y$10$//waeizylBeB1l9cTBViOul1/jztUWFisS4YbveiYiIOjjPv/F/aO
            [Status] => 1
            [Created_at] => 2024-09-04 18:23:59
            [Updated_at] => 2024-09-10 11:47:02
            [Deleted_at] => 
        )

    [4] => stdClass Object
        (
            [UserID] => 51
            [Username] => wed
            [Password] => $2y$10$wzJNtuJOHZnR6Ec8Ryr1ou8Sc5TgMWl8LegGPpt23HIQHrPqR334i
            [Status] => 1
            [Created_at] => 2024-09-07 12:05:11
            [Updated_at] => 2024-09-10 11:47:15
            [Deleted_at] => 
        )

    [5] => stdClass Object
        (
            [UserID] => 52
            [Username] => asdsd
            [Password] => $2y$10$Li.flGIGJlqgMzWO/V1BO.isoTjILjCLv3Niz5eSIL6xhh9orJx5q
            [Status] => 1
            [Created_at] => 2024-09-07 14:11:28
            [Updated_at] => 2024-09-10 11:46:56
            [Deleted_at] => 
        )

)

INFO - 2024-09-17 15:40:09 --> Session: Class initialized using 'CodeIgniter\Session\Handlers\FileHandler' driver.
DEBUG - 2024-09-17 15:40:09 --> User Data: Array
(
    [0] => stdClass Object
        (
            [UserID] => 40
            [Username] => ADMIN
            [Password] => $2y$10$jVfIcD3jEZkfXzVbtjGuX.HbA1rH4pm2DYZRn/D.GRPPrG0AxN1D6
            [Status] => 1
            [Created_at] => 2024-08-04 16:45:51
            [Updated_at] => 2024-09-14 19:04:25
            [Deleted_at] => 
        )

    [1] => stdClass Object
        (
            [UserID] => 47
            [Username] => john132a
            [Password] => LhJ67RmKqxxHPJjMcwtk9VJyRGhtNFhhZ1FYbEViK2pRV0M5SVE9PQ==
            [Status] => 1
            [Created_at] => 2024-08-05 08:42:34
            [Updated_at] => 2024-09-10 11:47:04
            [Deleted_at] => 
        )

    [2] => stdClass Object
        (
            [UserID] => 48
            [Username] => KLOG1
            [Password] => $2y$10$YQU7YplkMRZByzMk/.ujA.93/rqWAtAQZSZ9b2/inTWcQ2HWv4Nt6
            [Status] => 1
            [Created_at] => 2024-08-19 04:56:12
            [Updated_at] => 2024-09-14 19:04:33
            [Deleted_at] => 
        )

    [3] => stdClass Object
        (
            [UserID] => 49
            [Username] => ss
            [Password] => $2y$10$//waeizylBeB1l9cTBViOul1/jztUWFisS4YbveiYiIOjjPv/F/aO
            [Status] => 1
            [Created_at] => 2024-09-04 18:23:59
            [Updated_at] => 2024-09-10 11:47:02
            [Deleted_at] => 
        )

    [4] => stdClass Object
        (
            [UserID] => 51
            [Username] => wed
            [Password] => $2y$10$wzJNtuJOHZnR6Ec8Ryr1ou8Sc5TgMWl8LegGPpt23HIQHrPqR334i
            [Status] => 1
            [Created_at] => 2024-09-07 12:05:11
            [Updated_at] => 2024-09-10 11:47:15
            [Deleted_at] => 
        )

    [5] => stdClass Object
        (
            [UserID] => 52
            [Username] => asdsd
            [Password] => $2y$10$Li.flGIGJlqgMzWO/V1BO.isoTjILjCLv3Niz5eSIL6xhh9orJx5q
            [Status] => 1
            [Created_at] => 2024-09-07 14:11:28
            [Updated_at] => 2024-09-10 11:46:56
            [Deleted_at] => 
        )

)

